<?xml version="1.0" encoding="UTF-8"?>
<testsuite name="openapi.OpenAPIMain_test" tests="1" skipped="0" failures="1" errors="0" timestamp="2021-08-15T17:06:12" hostname="DESKTOP-RAH69DT" time="0.536">
  <properties/>
  <testcase name="test()" classname="openapi.OpenAPIMain_test" time="0.536">
    <failure message="org.opentest4j.AssertionFailedError: JSONs for ably.io.yaml are different:&#10;[ {&#13;&#10;  &quot;op&quot; : &quot;add&quot;,&#13;&#10;  &quot;path&quot; : &quot;/info/contact/x-twitter&quot;,&#13;&#10;  &quot;value&quot; : &quot;ablyrealtime&quot;&#13;&#10;}, {&#13;&#10;  &quot;op&quot; : &quot;add&quot;,&#13;&#10;  &quot;path&quot; : &quot;/paths/~1channels~1{channel_id}~1messages/post/responses/2XX/headers/x-ably-serverid/$ref&quot;,&#13;&#10;  &quot;value&quot; : &quot;#/components/headers/ServerId&quot;&#13;&#10;}, {&#13;&#10;  &quot;op&quot; : &quot;add&quot;,&#13;&#10;  &quot;path&quot; : &quot;/paths/~1channels~1{channel_id}~1messages/get/responses/2XX/headers/x-ably-serverid/$ref&quot;,&#13;&#10;  &quot;value&quot; : &quot;#/components/headers/ServerId&quot;&#13;&#10;}, {&#13;&#10;  &quot;op&quot; : &quot;add&quot;,&#13;&#10;  &quot;path&quot; : &quot;/paths/~1channels~1{channel_id}~1messages/get/responses/2XX/headers/link/$ref&quot;,&#13;&#10;  &quot;value&quot; : &quot;#/components/headers/Link&quot;&#13;&#10;}, {&#13;&#10;  &quot;op&quot; : &quot;add&quot;,&#13;&#10;  &quot;path&quot; : &quot;/paths/~1channels~1{channel_id}~1messages/get/responses/default/headers/x-ably-serverid/$ref&quot;,&#13;&#10;  &quot;value&quot; : &quot;#/components/headers/ServerId&quot;&#13;&#10;}, {&#13;&#10;  &quot;op&quot; : &quot;add&quot;,&#13;&#10;  &quot;path&quot; : &quot;/paths/~1channels~1{channel_id}~1messages/get/responses/default/headers/x-ably-errorcode/$ref&quot;,&#13;&#10;  &quot;value&quot; : &quot;#/components/headers/ErrorCode&quot;&#13;&#10;}, {&#13;&#10;  &quot;op&quot; : &quot;add&quot;,&#13;&#10;  &quot;path&quot; : &quot;/paths/~1channels~1{channel_id}~1messages/get/responses/default/headers/x-ably-errormessage/$ref&quot;,&#13;&#10;  &quot;value&quot; : &quot;#/components/headers/ErrorMessage&quot;&#13;&#10;}, {&#13;&#10;  &quot;op&quot; : &quot;add&quot;,&#13;&#10;  &quot;path&quot; : &quot;/paths/~1channels~1{channel_id}/get/responses/200/headers/x-ably-serverid/$ref&quot;,&#13;&#10;  &quot;value&quot; : &quot;#/components/headers/ServerId&quot;&#13;&#10;}, {&#13;&#10;  &quot;op&quot; : &quot;add&quot;,&#13;&#10;  &quot;path&quot; : &quot;/paths/~1channels/get/responses/2XX/headers/link/$ref&quot;,&#13;&#10;  &quot;value&quot; : &quot;#/components/headers/Link&quot;&#13;&#10;}, {&#13;&#10;  &quot;op&quot; : &quot;add&quot;,&#13;&#10;  &quot;path&quot; : &quot;/paths/~1time/get/security&quot;,&#13;&#10;  &quot;value&quot; : [ ]&#13;&#10;}, {&#13;&#10;  &quot;op&quot; : &quot;add&quot;,&#13;&#10;  &quot;path&quot; : &quot;/paths/~1channels~1{channel_id}~1presence/get/responses/200/headers/x-ably-serverid/$ref&quot;,&#13;&#10;  &quot;value&quot; : &quot;#/components/headers/ServerId&quot;&#13;&#10;}, {&#13;&#10;  &quot;op&quot; : &quot;add&quot;,&#13;&#10;  &quot;path&quot; : &quot;/paths/~1channels~1{channel_id}~1presence/get/responses/200/headers/link/$ref&quot;,&#13;&#10;  &quot;value&quot; : &quot;#/components/headers/Link&quot;&#13;&#10;}, {&#13;&#10;  &quot;op&quot; : &quot;add&quot;,&#13;&#10;  &quot;path&quot; : &quot;/paths/~1channels~1{channel_id}~1presence~1history/get/responses/2XX/headers/link/$ref&quot;,&#13;&#10;  &quot;value&quot; : &quot;#/components/headers/Link&quot;&#13;&#10;}, {&#13;&#10;  &quot;op&quot; : &quot;add&quot;,&#13;&#10;  &quot;path&quot; : &quot;/components/responses/Error/headers/x-ably-serverid/$ref&quot;,&#13;&#10;  &quot;value&quot; : &quot;#/components/headers/ServerId&quot;&#13;&#10;}, {&#13;&#10;  &quot;op&quot; : &quot;add&quot;,&#13;&#10;  &quot;path&quot; : &quot;/components/responses/Error/headers/x-ably-errorcode/$ref&quot;,&#13;&#10;  &quot;value&quot; : &quot;#/components/headers/ErrorCode&quot;&#13;&#10;}, {&#13;&#10;  &quot;op&quot; : &quot;add&quot;,&#13;&#10;  &quot;path&quot; : &quot;/components/responses/Error/headers/x-ably-errormessage/$ref&quot;,&#13;&#10;  &quot;value&quot; : &quot;#/components/headers/ErrorMessage&quot;&#13;&#10;}, {&#13;&#10;  &quot;op&quot; : &quot;remove&quot;,&#13;&#10;  &quot;path&quot; : &quot;/components/securitySchemes/basicAuth/bearerFormat&quot;&#13;&#10;}, {&#13;&#10;  &quot;op&quot; : &quot;remove&quot;,&#13;&#10;  &quot;path&quot; : &quot;/components/securitySchemes/bearerAuth/bearerFormat&quot;&#13;&#10;} ] ==&gt; expected: &lt;{&#13;&#10;  &quot;openapi&quot; : &quot;3.0.1&quot;,&#13;&#10;  &quot;info&quot; : {&#13;&#10;    &quot;contact&quot; : {&#13;&#10;      &quot;email&quot; : &quot;support@ably.io&quot;,&#13;&#10;      &quot;name&quot; : &quot;Ably Support&quot;,&#13;&#10;      &quot;url&quot; : &quot;https://www.ably.io/contact&quot;,&#13;&#10;      &quot;x-twitter&quot; : &quot;ablyrealtime&quot;&#13;&#10;    },&#13;&#10;    &quot;description&quot; : &quot;The [REST API specification](https://www.ably.io/documentation/rest-api) for Ably.&quot;,&#13;&#10;    &quot;title&quot; : &quot;Platform API&quot;,&#13;&#10;    &quot;version&quot; : &quot;1.1.0&quot;,&#13;&#10;    &quot;x-providerName&quot; : &quot;ably.io&quot;,&#13;&#10;    &quot;x-logo&quot; : {&#13;&#10;      &quot;url&quot; : &quot;https://twitter.com/ablyrealtime/profile_image?size=original&quot;&#13;&#10;    },&#13;&#10;    &quot;x-apisguru-categories&quot; : [ &quot;cloud&quot; ],&#13;&#10;    &quot;x-serviceName&quot; : &quot;platform&quot;,&#13;&#10;    &quot;x-origin&quot; : [ {&#13;&#10;      &quot;format&quot; : &quot;openapi&quot;,&#13;&#10;      &quot;url&quot; : &quot;https://raw.githubusercontent.com/ably/open-specs/main/definitions/platform-v1.yaml&quot;,&#13;&#10;      &quot;version&quot; : &quot;3.0&quot;&#13;&#10;    } ]&#13;&#10;  },&#13;&#10;  &quot;servers&quot; : [ {&#13;&#10;    &quot;url&quot; : &quot;https://rest.ably.io&quot;&#13;&#10;  } ],&#13;&#10;  &quot;paths&quot; : {&#13;&#10;    &quot;/channels&quot; : {&#13;&#10;      &quot;parameters&quot; : [ {&#13;&#10;        &quot;$ref&quot; : &quot;#/components/parameters/versionHeader&quot;&#13;&#10;      }, {&#13;&#10;        &quot;$ref&quot; : &quot;#/components/parameters/responseFormat&quot;&#13;&#10;      } ],&#13;&#10;      &quot;get&quot; : {&#13;&#10;        &quot;tags&quot; : [ &quot;Status&quot; ],&#13;&#10;        &quot;summary&quot; : &quot;Enumerate all active channels of the application&quot;,&#13;&#10;        &quot;description&quot; : &quot;Enumerate all active channels of the application&quot;,&#13;&#10;        &quot;operationId&quot; : &quot;getMetadataOfAllChannels&quot;,&#13;&#10;        &quot;parameters&quot; : [ {&#13;&#10;          &quot;schema&quot; : {&#13;&#10;            &quot;type&quot; : &quot;integer&quot;,&#13;&#10;            &quot;default&quot; : 100&#13;&#10;          },&#13;&#10;          &quot;in&quot; : &quot;query&quot;,&#13;&#10;          &quot;name&quot; : &quot;limit&quot;&#13;&#10;        }, {&#13;&#10;          &quot;description&quot; : &quot;Optionally limits the query to only those channels whose name starts with the given prefix&quot;,&#13;&#10;          &quot;schema&quot; : {&#13;&#10;            &quot;type&quot; : &quot;string&quot;&#13;&#10;          },&#13;&#10;          &quot;in&quot; : &quot;query&quot;,&#13;&#10;          &quot;name&quot; : &quot;prefix&quot;&#13;&#10;        }, {&#13;&#10;          &quot;description&quot; : &quot;optionally specifies whether to return just channel names (by=id) or ChannelDetails (by=value)&quot;,&#13;&#10;          &quot;schema&quot; : {&#13;&#10;            &quot;type&quot; : &quot;string&quot;,&#13;&#10;            &quot;enum&quot; : [ &quot;value&quot;, &quot;id&quot; ]&#13;&#10;          },&#13;&#10;          &quot;in&quot; : &quot;query&quot;,&#13;&#10;          &quot;name&quot; : &quot;by&quot;&#13;&#10;        } ],&#13;&#10;        &quot;responses&quot; : {&#13;&#10;          &quot;2XX&quot; : {&#13;&#10;            &quot;description&quot; : &quot;OK&quot;,&#13;&#10;            &quot;headers&quot; : {&#13;&#10;              &quot;link&quot; : {&#13;&#10;                &quot;$ref&quot; : &quot;#/components/headers/Link&quot;&#13;&#10;              }&#13;&#10;            },&#13;&#10;            &quot;content&quot; : {&#13;&#10;              &quot;application/json&quot; : {&#13;&#10;                &quot;schema&quot; : {&#13;&#10;                  &quot;oneOf&quot; : [ {&#13;&#10;                    &quot;type&quot; : &quot;array&quot;,&#13;&#10;                    &quot;items&quot; : {&#13;&#10;                      &quot;$ref&quot; : &quot;#/components/schemas/ChannelDetails&quot;&#13;&#10;                    }&#13;&#10;                  }, {&#13;&#10;                    &quot;type&quot; : &quot;array&quot;,&#13;&#10;                    &quot;items&quot; : {&#13;&#10;                      &quot;type&quot; : &quot;string&quot;&#13;&#10;                    }&#13;&#10;                  } ]&#13;&#10;                }&#13;&#10;              },&#13;&#10;              &quot;application/x-msgpack&quot; : {&#13;&#10;                &quot;schema&quot; : {&#13;&#10;                  &quot;oneOf&quot; : [ {&#13;&#10;                    &quot;type&quot; : &quot;array&quot;,&#13;&#10;                    &quot;items&quot; : {&#13;&#10;                      &quot;$ref&quot; : &quot;#/components/schemas/ChannelDetails&quot;&#13;&#10;                    }&#13;&#10;                  }, {&#13;&#10;                    &quot;type&quot; : &quot;array&quot;,&#13;&#10;                    &quot;items&quot; : {&#13;&#10;                      &quot;type&quot; : &quot;string&quot;&#13;&#10;                    }&#13;&#10;                  } ]&#13;&#10;                }&#13;&#10;              },&#13;&#10;              &quot;text/html&quot; : {&#13;&#10;                &quot;schema&quot; : {&#13;&#10;                  &quot;type&quot; : &quot;string&quot;&#13;&#10;                }&#13;&#10;              }&#13;&#10;            }&#13;&#10;          },&#13;&#10;          &quot;default&quot; : {&#13;&#10;            &quot;$ref&quot; : &quot;#/components/responses/Error&quot;&#13;&#10;          }&#13;&#10;        }&#13;&#10;      }&#13;&#10;    },&#13;&#10;    &quot;/channels/{channel_id}&quot; : {&#13;&#10;      &quot;parameters&quot; : [ {&#13;&#10;        &quot;$ref&quot; : &quot;#/components/parameters/versionHeader&quot;&#13;&#10;      }, {&#13;&#10;        &quot;$ref&quot; : &quot;#/components/parameters/responseFormat&quot;&#13;&#10;      } ],&#13;&#10;      &quot;get&quot; : {&#13;&#10;        &quot;tags&quot; : [ &quot;Status&quot; ],&#13;&#10;        &quot;summary&quot; : &quot;Get metadata of a channel&quot;,&#13;&#10;        &quot;description&quot; : &quot;Get metadata of a channel&quot;,&#13;&#10;        &quot;operationId&quot; : &quot;getMetadataOfChannel&quot;,&#13;&#10;        &quot;parameters&quot; : [ {&#13;&#10;          &quot;$ref&quot; : &quot;#/components/parameters/channelId&quot;&#13;&#10;        } ],&#13;&#10;        &quot;responses&quot; : {&#13;&#10;          &quot;200&quot; : {&#13;&#10;            &quot;description&quot; : &quot;OK&quot;,&#13;&#10;            &quot;headers&quot; : {&#13;&#10;              &quot;x-ably-serverid&quot; : {&#13;&#10;                &quot;$ref&quot; : &quot;#/components/headers/ServerId&quot;&#13;&#10;              }&#13;&#10;            },&#13;&#10;            &quot;content&quot; : {&#13;&#10;              &quot;application/json&quot; : {&#13;&#10;                &quot;schema&quot; : {&#13;&#10;                  &quot;$ref&quot; : &quot;#/components/schemas/ChannelDetails&quot;&#13;&#10;                }&#13;&#10;              }&#13;&#10;            }&#13;&#10;          },&#13;&#10;          &quot;default&quot; : {&#13;&#10;            &quot;$ref&quot; : &quot;#/components/responses/Error&quot;&#13;&#10;          }&#13;&#10;        }&#13;&#10;      }&#13;&#10;    },&#13;&#10;    &quot;/channels/{channel_id}/messages&quot; : {&#13;&#10;      &quot;parameters&quot; : [ {&#13;&#10;        &quot;$ref&quot; : &quot;#/components/parameters/versionHeader&quot;&#13;&#10;      }, {&#13;&#10;        &quot;$ref&quot; : &quot;#/components/parameters/responseFormat&quot;&#13;&#10;      } ],&#13;&#10;      &quot;post&quot; : {&#13;&#10;        &quot;tags&quot; : [ &quot;Publishing&quot; ],&#13;&#10;        &quot;summary&quot; : &quot;Publish a message to a channel&quot;,&#13;&#10;        &quot;description&quot; : &quot;Publish a message to the specified channel&quot;,&#13;&#10;        &quot;operationId&quot; : &quot;publishMessagesToChannel&quot;,&#13;&#10;        &quot;parameters&quot; : [ {&#13;&#10;          &quot;$ref&quot; : &quot;#/components/parameters/channelId&quot;&#13;&#10;        } ],&#13;&#10;        &quot;requestBody&quot; : {&#13;&#10;          &quot;content&quot; : {&#13;&#10;            &quot;application/json&quot; : {&#13;&#10;              &quot;schema&quot; : {&#13;&#10;                &quot;$ref&quot; : &quot;#/components/schemas/Message&quot;&#13;&#10;              }&#13;&#10;            },&#13;&#10;            &quot;application/x-msgpack&quot; : {&#13;&#10;              &quot;schema&quot; : {&#13;&#10;                &quot;$ref&quot; : &quot;#/components/schemas/Message&quot;&#13;&#10;              }&#13;&#10;            },&#13;&#10;            &quot;application/x-www-form-urlencoded&quot; : {&#13;&#10;              &quot;schema&quot; : {&#13;&#10;                &quot;$ref&quot; : &quot;#/components/schemas/Message&quot;&#13;&#10;              }&#13;&#10;            }&#13;&#10;          }&#13;&#10;        },&#13;&#10;        &quot;responses&quot; : {&#13;&#10;          &quot;2XX&quot; : {&#13;&#10;            &quot;description&quot; : &quot;OK&quot;,&#13;&#10;            &quot;headers&quot; : {&#13;&#10;              &quot;x-ably-serverid&quot; : {&#13;&#10;                &quot;$ref&quot; : &quot;#/components/headers/ServerId&quot;&#13;&#10;              }&#13;&#10;            },&#13;&#10;            &quot;content&quot; : {&#13;&#10;              &quot;application/json&quot; : {&#13;&#10;                &quot;schema&quot; : {&#13;&#10;                  &quot;properties&quot; : {&#13;&#10;                    &quot;channel&quot; : {&#13;&#10;                      &quot;type&quot; : &quot;string&quot;&#13;&#10;                    },&#13;&#10;                    &quot;messageId&quot; : {&#13;&#10;                      &quot;type&quot; : &quot;string&quot;&#13;&#10;                    }&#13;&#10;                  },&#13;&#10;                  &quot;type&quot; : &quot;object&quot;&#13;&#10;                }&#13;&#10;              },&#13;&#10;              &quot;application/x-msgpack&quot; : {&#13;&#10;                &quot;schema&quot; : {&#13;&#10;                  &quot;properties&quot; : {&#13;&#10;                    &quot;channel&quot; : {&#13;&#10;                      &quot;type&quot; : &quot;string&quot;&#13;&#10;                    },&#13;&#10;                    &quot;messageId&quot; : {&#13;&#10;                      &quot;type&quot; : &quot;string&quot;&#13;&#10;                    }&#13;&#10;                  },&#13;&#10;                  &quot;type&quot; : &quot;object&quot;&#13;&#10;                }&#13;&#10;              },&#13;&#10;              &quot;text/html&quot; : {&#13;&#10;                &quot;schema&quot; : {&#13;&#10;                  &quot;properties&quot; : {&#13;&#10;                    &quot;channel&quot; : {&#13;&#10;                      &quot;type&quot; : &quot;string&quot;&#13;&#10;                    },&#13;&#10;                    &quot;messageId&quot; : {&#13;&#10;                      &quot;type&quot; : &quot;string&quot;&#13;&#10;                    }&#13;&#10;                  },&#13;&#10;                  &quot;type&quot; : &quot;object&quot;&#13;&#10;                }&#13;&#10;              }&#13;&#10;            }&#13;&#10;          },&#13;&#10;          &quot;default&quot; : {&#13;&#10;            &quot;$ref&quot; : &quot;#/components/responses/Error&quot;&#13;&#10;          }&#13;&#10;        }&#13;&#10;      },&#13;&#10;      &quot;get&quot; : {&#13;&#10;        &quot;tags&quot; : [ &quot;History&quot; ],&#13;&#10;        &quot;summary&quot; : &quot;Get message history for a channel&quot;,&#13;&#10;        &quot;description&quot; : &quot;Get message history for a channel&quot;,&#13;&#10;        &quot;operationId&quot; : &quot;getMessagesByChannel&quot;,&#13;&#10;        &quot;parameters&quot; : [ {&#13;&#10;          &quot;$ref&quot; : &quot;#/components/parameters/channelId&quot;&#13;&#10;        }, {&#13;&#10;          &quot;$ref&quot; : &quot;#/components/parameters/filterStart&quot;&#13;&#10;        }, {&#13;&#10;          &quot;$ref&quot; : &quot;#/components/parameters/filterLimit&quot;&#13;&#10;        }, {&#13;&#10;          &quot;$ref&quot; : &quot;#/components/parameters/filterEnd&quot;&#13;&#10;        }, {&#13;&#10;          &quot;$ref&quot; : &quot;#/components/parameters/filterDirection&quot;&#13;&#10;        } ],&#13;&#10;        &quot;responses&quot; : {&#13;&#10;          &quot;2XX&quot; : {&#13;&#10;            &quot;description&quot; : &quot;OK&quot;,&#13;&#10;            &quot;headers&quot; : {&#13;&#10;              &quot;link&quot; : {&#13;&#10;                &quot;$ref&quot; : &quot;#/components/headers/Link&quot;&#13;&#10;              },&#13;&#10;              &quot;x-ably-serverid&quot; : {&#13;&#10;                &quot;$ref&quot; : &quot;#/components/headers/ServerId&quot;&#13;&#10;              }&#13;&#10;            },&#13;&#10;            &quot;content&quot; : {&#13;&#10;              &quot;application/json&quot; : {&#13;&#10;                &quot;schema&quot; : {&#13;&#10;                  &quot;type&quot; : &quot;array&quot;,&#13;&#10;                  &quot;items&quot; : {&#13;&#10;                    &quot;$ref&quot; : &quot;#/components/schemas/Message&quot;&#13;&#10;                  }&#13;&#10;                }&#13;&#10;              },&#13;&#10;              &quot;application/x-msgpack&quot; : {&#13;&#10;                &quot;schema&quot; : {&#13;&#10;                  &quot;type&quot; : &quot;array&quot;,&#13;&#10;                  &quot;items&quot; : {&#13;&#10;                    &quot;$ref&quot; : &quot;#/components/schemas/Message&quot;&#13;&#10;                  }&#13;&#10;                }&#13;&#10;              },&#13;&#10;              &quot;text/html&quot; : {&#13;&#10;                &quot;schema&quot; : {&#13;&#10;                  &quot;type&quot; : &quot;string&quot;&#13;&#10;                }&#13;&#10;              }&#13;&#10;            }&#13;&#10;          },&#13;&#10;          &quot;default&quot; : {&#13;&#10;            &quot;description&quot; : &quot;Error&quot;,&#13;&#10;            &quot;headers&quot; : {&#13;&#10;              &quot;x-ably-errorcode&quot; : {&#13;&#10;                &quot;$ref&quot; : &quot;#/components/headers/ErrorCode&quot;&#13;&#10;              },&#13;&#10;              &quot;x-ably-errormessage&quot; : {&#13;&#10;                &quot;$ref&quot; : &quot;#/components/headers/ErrorMessage&quot;&#13;&#10;              },&#13;&#10;              &quot;x-ably-serverid&quot; : {&#13;&#10;                &quot;$ref&quot; : &quot;#/components/headers/ServerId&quot;&#13;&#10;              }&#13;&#10;            }&#13;&#10;          }&#13;&#10;        }&#13;&#10;      }&#13;&#10;    },&#13;&#10;    &quot;/channels/{channel_id}/presence&quot; : {&#13;&#10;      &quot;parameters&quot; : [ {&#13;&#10;        &quot;$ref&quot; : &quot;#/components/parameters/versionHeader&quot;&#13;&#10;      }, {&#13;&#10;        &quot;$ref&quot; : &quot;#/components/parameters/responseFormat&quot;&#13;&#10;      } ],&#13;&#10;      &quot;get&quot; : {&#13;&#10;        &quot;tags&quot; : [ &quot;Status&quot; ],&#13;&#10;        &quot;summary&quot; : &quot;Get presence of a channel&quot;,&#13;&#10;        &quot;description&quot; : &quot;Get presence on a channel&quot;,&#13;&#10;        &quot;operationId&quot; : &quot;getPresenceOfChannel&quot;,&#13;&#10;        &quot;parameters&quot; : [ {&#13;&#10;          &quot;$ref&quot; : &quot;#/components/parameters/channelId&quot;&#13;&#10;        }, {&#13;&#10;          &quot;schema&quot; : {&#13;&#10;            &quot;type&quot; : &quot;string&quot;&#13;&#10;          },&#13;&#10;          &quot;in&quot; : &quot;query&quot;,&#13;&#10;          &quot;name&quot; : &quot;clientId&quot;&#13;&#10;        }, {&#13;&#10;          &quot;schema&quot; : {&#13;&#10;            &quot;type&quot; : &quot;string&quot;&#13;&#10;          },&#13;&#10;          &quot;in&quot; : &quot;query&quot;,&#13;&#10;          &quot;name&quot; : &quot;connectionId&quot;&#13;&#10;        }, {&#13;&#10;          &quot;schema&quot; : {&#13;&#10;            &quot;type&quot; : &quot;integer&quot;,&#13;&#10;            &quot;default&quot; : 100&#13;&#10;          },&#13;&#10;          &quot;in&quot; : &quot;query&quot;,&#13;&#10;          &quot;name&quot; : &quot;limit&quot;&#13;&#10;        } ],&#13;&#10;        &quot;responses&quot; : {&#13;&#10;          &quot;200&quot; : {&#13;&#10;            &quot;description&quot; : &quot;OK&quot;,&#13;&#10;            &quot;headers&quot; : {&#13;&#10;              &quot;link&quot; : {&#13;&#10;                &quot;$ref&quot; : &quot;#/components/headers/Link&quot;&#13;&#10;              },&#13;&#10;              &quot;x-ably-serverid&quot; : {&#13;&#10;                &quot;$ref&quot; : &quot;#/components/headers/ServerId&quot;&#13;&#10;              }&#13;&#10;            },&#13;&#10;            &quot;content&quot; : {&#13;&#10;              &quot;application/json&quot; : {&#13;&#10;                &quot;schema&quot; : {&#13;&#10;                  &quot;type&quot; : &quot;array&quot;,&#13;&#10;                  &quot;items&quot; : {&#13;&#10;                    &quot;$ref&quot; : &quot;#/components/schemas/PresenceMessage&quot;&#13;&#10;                  }&#13;&#10;                }&#13;&#10;              },&#13;&#10;              &quot;application/x-msgpack&quot; : {&#13;&#10;                &quot;schema&quot; : {&#13;&#10;                  &quot;type&quot; : &quot;array&quot;,&#13;&#10;                  &quot;items&quot; : {&#13;&#10;                    &quot;$ref&quot; : &quot;#/components/schemas/PresenceMessage&quot;&#13;&#10;                  }&#13;&#10;                }&#13;&#10;              },&#13;&#10;              &quot;text/html&quot; : {&#13;&#10;                &quot;schema&quot; : {&#13;&#10;                  &quot;type&quot; : &quot;string&quot;&#13;&#10;                }&#13;&#10;              }&#13;&#10;            }&#13;&#10;          },&#13;&#10;          &quot;default&quot; : {&#13;&#10;            &quot;$ref&quot; : &quot;#/components/responses/Error&quot;&#13;&#10;          }&#13;&#10;        }&#13;&#10;      }&#13;&#10;    },&#13;&#10;    &quot;/channels/{channel_id}/presence/history&quot; : {&#13;&#10;      &quot;parameters&quot; : [ {&#13;&#10;        &quot;$ref&quot; : &quot;#/components/parameters/versionHeader&quot;&#13;&#10;      }, {&#13;&#10;        &quot;$ref&quot; : &quot;#/components/parameters/responseFormat&quot;&#13;&#10;      } ],&#13;&#10;      &quot;get&quot; : {&#13;&#10;        &quot;tags&quot; : [ &quot;History&quot; ],&#13;&#10;        &quot;summary&quot; : &quot;Get presence history of a channel&quot;,&#13;&#10;        &quot;description&quot; : &quot;Get presence on a channel&quot;,&#13;&#10;        &quot;operationId&quot; : &quot;getPresenceHistoryOfChannel&quot;,&#13;&#10;        &quot;parameters&quot; : [ {&#13;&#10;          &quot;$ref&quot; : &quot;#/components/parameters/channelId&quot;&#13;&#10;        }, {&#13;&#10;          &quot;$ref&quot; : &quot;#/components/parameters/filterStart&quot;&#13;&#10;        }, {&#13;&#10;          &quot;$ref&quot; : &quot;#/components/parameters/filterLimit&quot;&#13;&#10;        }, {&#13;&#10;          &quot;$ref&quot; : &quot;#/components/parameters/filterEnd&quot;&#13;&#10;        }, {&#13;&#10;          &quot;$ref&quot; : &quot;#/components/parameters/filterDirection&quot;&#13;&#10;        } ],&#13;&#10;        &quot;responses&quot; : {&#13;&#10;          &quot;2XX&quot; : {&#13;&#10;            &quot;description&quot; : &quot;OK&quot;,&#13;&#10;            &quot;headers&quot; : {&#13;&#10;              &quot;link&quot; : {&#13;&#10;                &quot;$ref&quot; : &quot;#/components/headers/Link&quot;&#13;&#10;              }&#13;&#10;            },&#13;&#10;            &quot;content&quot; : {&#13;&#10;              &quot;application/json&quot; : {&#13;&#10;                &quot;schema&quot; : {&#13;&#10;                  &quot;type&quot; : &quot;array&quot;,&#13;&#10;                  &quot;items&quot; : {&#13;&#10;                    &quot;$ref&quot; : &quot;#/components/schemas/PresenceMessage&quot;&#13;&#10;                  }&#13;&#10;                }&#13;&#10;              },&#13;&#10;              &quot;application/x-msgpack&quot; : {&#13;&#10;                &quot;schema&quot; : {&#13;&#10;                  &quot;type&quot; : &quot;array&quot;,&#13;&#10;                  &quot;items&quot; : {&#13;&#10;                    &quot;$ref&quot; : &quot;#/components/schemas/PresenceMessage&quot;&#13;&#10;                  }&#13;&#10;                }&#13;&#10;              },&#13;&#10;              &quot;text/html&quot; : {&#13;&#10;                &quot;schema&quot; : {&#13;&#10;                  &quot;type&quot; : &quot;string&quot;&#13;&#10;                }&#13;&#10;              }&#13;&#10;            }&#13;&#10;          },&#13;&#10;          &quot;default&quot; : {&#13;&#10;            &quot;$ref&quot; : &quot;#/components/responses/Error&quot;&#13;&#10;          }&#13;&#10;        }&#13;&#10;      }&#13;&#10;    },&#13;&#10;    &quot;/keys/{keyName}/requestToken&quot; : {&#13;&#10;      &quot;parameters&quot; : [ {&#13;&#10;        &quot;$ref&quot; : &quot;#/components/parameters/versionHeader&quot;&#13;&#10;      }, {&#13;&#10;        &quot;$ref&quot; : &quot;#/components/parameters/responseFormat&quot;&#13;&#10;      } ],&#13;&#10;      &quot;post&quot; : {&#13;&#10;        &quot;tags&quot; : [ &quot;Authentication&quot; ],&#13;&#10;        &quot;summary&quot; : &quot;Request an access token&quot;,&#13;&#10;        &quot;description&quot; : &quot;This is the means by which clients obtain access tokens to use the service. You can see how to construct an Ably TokenRequest in the [Ably TokenRequest spec](https://www.ably.io/documentation/rest-api/token-request-spec) documentation, although we recommend you use an Ably SDK rather to create a TokenRequest, as the construction of a TokenRequest is complex. The resulting token response object contains the token properties as defined in Ably TokenRequest spec. Authentication is not required if using a Signed TokenRequest.&quot;,&#13;&#10;        &quot;operationId&quot; : &quot;requestAccessToken&quot;,&#13;&#10;        &quot;parameters&quot; : [ {&#13;&#10;          &quot;$ref&quot; : &quot;#/components/parameters/key_name&quot;&#13;&#10;        } ],&#13;&#10;        &quot;requestBody&quot; : {&#13;&#10;          &quot;content&quot; : {&#13;&#10;            &quot;application/json&quot; : {&#13;&#10;              &quot;example&quot; : {&#13;&#10;                &quot;capability&quot; : {&#13;&#10;                  &quot;channel1&quot; : [ &quot;publish&quot;, &quot;subscribe&quot; ],&#13;&#10;                  &quot;wildcard:channels:*&quot; : [ &quot;publish&quot; ]&#13;&#10;                },&#13;&#10;                &quot;keyName&quot; : &quot;YourKey.Name&quot;,&#13;&#10;                &quot;timestamp&quot; : &quot;1559124196551&quot;&#13;&#10;              },&#13;&#10;              &quot;schema&quot; : {&#13;&#10;                &quot;oneOf&quot; : [ {&#13;&#10;                  &quot;$ref&quot; : &quot;#/components/schemas/TokenRequest&quot;&#13;&#10;                }, {&#13;&#10;                  &quot;$ref&quot; : &quot;#/components/schemas/SignedTokenRequest&quot;&#13;&#10;                } ]&#13;&#10;              }&#13;&#10;            }&#13;&#10;          }&#13;&#10;        },&#13;&#10;        &quot;responses&quot; : {&#13;&#10;          &quot;2XX&quot; : {&#13;&#10;            &quot;description&quot; : &quot;OK&quot;,&#13;&#10;            &quot;content&quot; : {&#13;&#10;              &quot;application/json&quot; : {&#13;&#10;                &quot;schema&quot; : {&#13;&#10;                  &quot;$ref&quot; : &quot;#/components/schemas/TokenDetails&quot;&#13;&#10;                }&#13;&#10;              },&#13;&#10;              &quot;application/x-msgpack&quot; : {&#13;&#10;                &quot;schema&quot; : {&#13;&#10;                  &quot;$ref&quot; : &quot;#/components/schemas/TokenDetails&quot;&#13;&#10;                }&#13;&#10;              }&#13;&#10;            }&#13;&#10;          },&#13;&#10;          &quot;default&quot; : {&#13;&#10;            &quot;$ref&quot; : &quot;#/components/responses/Error&quot;&#13;&#10;          }&#13;&#10;        }&#13;&#10;      }&#13;&#10;    },&#13;&#10;    &quot;/push/channelSubscriptions&quot; : {&#13;&#10;      &quot;parameters&quot; : [ {&#13;&#10;        &quot;$ref&quot; : &quot;#/components/parameters/versionHeader&quot;&#13;&#10;      }, {&#13;&#10;        &quot;$ref&quot; : &quot;#/components/parameters/responseFormat&quot;&#13;&#10;      } ],&#13;&#10;      &quot;post&quot; : {&#13;&#10;        &quot;tags&quot; : [ &quot;Push&quot; ],&#13;&#10;        &quot;summary&quot; : &quot;Subscribe a device to a channel&quot;,&#13;&#10;        &quot;description&quot; : &quot;Subscribe either a single device or all devices associated with a client ID to receive push notifications from messages sent to a channel.&quot;,&#13;&#10;        &quot;operationId&quot; : &quot;subscribePushDeviceToChannel&quot;,&#13;&#10;        &quot;requestBody&quot; : {&#13;&#10;          &quot;content&quot; : {&#13;&#10;            &quot;application/json&quot; : {&#13;&#10;              &quot;example&quot; : {&#13;&#10;                &quot;channel&quot; : &quot;my:channel&quot;,&#13;&#10;                &quot;clientId&quot; : &quot;myClientId&quot;&#13;&#10;              },&#13;&#10;              &quot;schema&quot; : {&#13;&#10;                &quot;oneOf&quot; : [ {&#13;&#10;                  &quot;properties&quot; : {&#13;&#10;                    &quot;channel&quot; : {&#13;&#10;                      &quot;description&quot; : &quot;Channel name.&quot;,&#13;&#10;                      &quot;type&quot; : &quot;string&quot;&#13;&#10;                    },&#13;&#10;                    &quot;deviceId&quot; : {&#13;&#10;                      &quot;description&quot; : &quot;Must be set when clientId is empty, cannot be used with clientId.&quot;,&#13;&#10;                      &quot;type&quot; : &quot;string&quot;&#13;&#10;                    }&#13;&#10;                  },&#13;&#10;                  &quot;type&quot; : &quot;object&quot;&#13;&#10;                }, {&#13;&#10;                  &quot;properties&quot; : {&#13;&#10;                    &quot;channel&quot; : {&#13;&#10;                      &quot;description&quot; : &quot;Channel name.&quot;,&#13;&#10;                      &quot;type&quot; : &quot;string&quot;&#13;&#10;                    },&#13;&#10;                    &quot;clientId&quot; : {&#13;&#10;                      &quot;description&quot; : &quot;Must be set when deviceId is empty, cannot be used with deviceId.&quot;,&#13;&#10;                      &quot;type&quot; : &quot;string&quot;&#13;&#10;                    }&#13;&#10;                  },&#13;&#10;                  &quot;type&quot; : &quot;object&quot;&#13;&#10;                } ]&#13;&#10;              }&#13;&#10;            },&#13;&#10;            &quot;application/x-msgpack&quot; : {&#13;&#10;              &quot;example&quot; : {&#13;&#10;                &quot;channel&quot; : &quot;my:channel&quot;,&#13;&#10;                &quot;clientId&quot; : &quot;myClientId&quot;&#13;&#10;              },&#13;&#10;              &quot;schema&quot; : {&#13;&#10;                &quot;oneOf&quot; : [ {&#13;&#10;                  &quot;properties&quot; : {&#13;&#10;                    &quot;channel&quot; : {&#13;&#10;                      &quot;description&quot; : &quot;Channel name.&quot;,&#13;&#10;                      &quot;type&quot; : &quot;string&quot;&#13;&#10;                    },&#13;&#10;                    &quot;deviceId&quot; : {&#13;&#10;                      &quot;description&quot; : &quot;Must be set when clientId is empty, cannot be used with clientId.&quot;,&#13;&#10;                      &quot;type&quot; : &quot;string&quot;&#13;&#10;                    }&#13;&#10;                  },&#13;&#10;                  &quot;type&quot; : &quot;object&quot;&#13;&#10;                }, {&#13;&#10;                  &quot;properties&quot; : {&#13;&#10;                    &quot;channel&quot; : {&#13;&#10;                      &quot;description&quot; : &quot;Channel name.&quot;,&#13;&#10;                      &quot;type&quot; : &quot;string&quot;&#13;&#10;                    },&#13;&#10;                    &quot;clientId&quot; : {&#13;&#10;                      &quot;description&quot; : &quot;Must be set when deviceId is empty, cannot be used with deviceId.&quot;,&#13;&#10;                      &quot;type&quot; : &quot;string&quot;&#13;&#10;                    }&#13;&#10;                  },&#13;&#10;                  &quot;type&quot; : &quot;object&quot;&#13;&#10;                } ]&#13;&#10;              }&#13;&#10;            },&#13;&#10;            &quot;application/x-www-form-urlencoded&quot; : {&#13;&#10;              &quot;example&quot; : {&#13;&#10;                &quot;channel&quot; : &quot;my:channel&quot;,&#13;&#10;                &quot;clientId&quot; : &quot;myClientId&quot;&#13;&#10;              },&#13;&#10;              &quot;schema&quot; : {&#13;&#10;                &quot;oneOf&quot; : [ {&#13;&#10;                  &quot;properties&quot; : {&#13;&#10;                    &quot;channel&quot; : {&#13;&#10;                      &quot;description&quot; : &quot;Channel name.&quot;,&#13;&#10;                      &quot;type&quot; : &quot;string&quot;&#13;&#10;                    },&#13;&#10;                    &quot;deviceId&quot; : {&#13;&#10;                      &quot;description&quot; : &quot;Must be set when clientId is empty, cannot be used with clientId.&quot;,&#13;&#10;                      &quot;type&quot; : &quot;string&quot;&#13;&#10;                    }&#13;&#10;                  },&#13;&#10;                  &quot;type&quot; : &quot;object&quot;&#13;&#10;                }, {&#13;&#10;                  &quot;properties&quot; : {&#13;&#10;                    &quot;channel&quot; : {&#13;&#10;                      &quot;description&quot; : &quot;Channel name.&quot;,&#13;&#10;                      &quot;type&quot; : &quot;string&quot;&#13;&#10;                    },&#13;&#10;                    &quot;clientId&quot; : {&#13;&#10;                      &quot;description&quot; : &quot;Must be set when deviceId is empty, cannot be used with deviceId.&quot;,&#13;&#10;                      &quot;type&quot; : &quot;string&quot;&#13;&#10;                    }&#13;&#10;                  },&#13;&#10;                  &quot;type&quot; : &quot;object&quot;&#13;&#10;                } ]&#13;&#10;              }&#13;&#10;            }&#13;&#10;          }&#13;&#10;        },&#13;&#10;        &quot;responses&quot; : {&#13;&#10;          &quot;2XX&quot; : {&#13;&#10;            &quot;description&quot; : &quot;OK&quot;&#13;&#10;          },&#13;&#10;          &quot;default&quot; : {&#13;&#10;            &quot;$ref&quot; : &quot;#/components/responses/Error&quot;&#13;&#10;          }&#13;&#10;        }&#13;&#10;      },&#13;&#10;      &quot;delete&quot; : {&#13;&#10;        &quot;tags&quot; : [ &quot;Push&quot; ],&#13;&#10;        &quot;summary&quot; : &quot;Delete a registered device's update token&quot;,&#13;&#10;        &quot;description&quot; : &quot;Delete a device details object.&quot;,&#13;&#10;        &quot;operationId&quot; : &quot;deletePushDeviceDetails&quot;,&#13;&#10;        &quot;parameters&quot; : [ {&#13;&#10;          &quot;description&quot; : &quot;Filter to restrict to subscriptions associated with that channel.&quot;,&#13;&#10;          &quot;schema&quot; : {&#13;&#10;            &quot;type&quot; : &quot;string&quot;&#13;&#10;          },&#13;&#10;          &quot;in&quot; : &quot;query&quot;,&#13;&#10;          &quot;name&quot; : &quot;channel&quot;&#13;&#10;        }, {&#13;&#10;          &quot;description&quot; : &quot;Must be set when clientId is empty, cannot be used with clientId.&quot;,&#13;&#10;          &quot;schema&quot; : {&#13;&#10;            &quot;type&quot; : &quot;string&quot;&#13;&#10;          },&#13;&#10;          &quot;in&quot; : &quot;query&quot;,&#13;&#10;          &quot;name&quot; : &quot;deviceId&quot;&#13;&#10;        }, {&#13;&#10;          &quot;description&quot; : &quot;Must be set when deviceId is empty, cannot be used with deviceId.&quot;,&#13;&#10;          &quot;schema&quot; : {&#13;&#10;            &quot;type&quot; : &quot;string&quot;&#13;&#10;          },&#13;&#10;          &quot;in&quot; : &quot;query&quot;,&#13;&#10;          &quot;name&quot; : &quot;clientId&quot;&#13;&#10;        } ],&#13;&#10;        &quot;responses&quot; : {&#13;&#10;          &quot;2XX&quot; : {&#13;&#10;            &quot;description&quot; : &quot;OK&quot;&#13;&#10;          },&#13;&#10;          &quot;default&quot; : {&#13;&#10;            &quot;$ref&quot; : &quot;#/components/responses/Error&quot;&#13;&#10;          }&#13;&#10;        }&#13;&#10;      },&#13;&#10;      &quot;get&quot; : {&#13;&#10;        &quot;tags&quot; : [ &quot;Push&quot; ],&#13;&#10;        &quot;summary&quot; : &quot;List channel subscriptions&quot;,&#13;&#10;        &quot;description&quot; : &quot;Get a list of push notification subscriptions to channels.&quot;,&#13;&#10;        &quot;operationId&quot; : &quot;getPushSubscriptionsOnChannels&quot;,&#13;&#10;        &quot;parameters&quot; : [ {&#13;&#10;          &quot;description&quot; : &quot;Filter to restrict to subscriptions associated with that channel.&quot;,&#13;&#10;          &quot;schema&quot; : {&#13;&#10;            &quot;type&quot; : &quot;string&quot;&#13;&#10;          },&#13;&#10;          &quot;in&quot; : &quot;query&quot;,&#13;&#10;          &quot;name&quot; : &quot;channel&quot;&#13;&#10;        }, {&#13;&#10;          &quot;description&quot; : &quot;Optional filter to restrict to devices associated with that deviceId. Cannot be used with clientId.&quot;,&#13;&#10;          &quot;schema&quot; : {&#13;&#10;            &quot;type&quot; : &quot;string&quot;&#13;&#10;          },&#13;&#10;          &quot;in&quot; : &quot;query&quot;,&#13;&#10;          &quot;name&quot; : &quot;deviceId&quot;&#13;&#10;        }, {&#13;&#10;          &quot;description&quot; : &quot;Optional filter to restrict to devices associated with that clientId. Cannot be used with deviceId.&quot;,&#13;&#10;          &quot;schema&quot; : {&#13;&#10;            &quot;type&quot; : &quot;string&quot;&#13;&#10;          },&#13;&#10;          &quot;in&quot; : &quot;query&quot;,&#13;&#10;          &quot;name&quot; : &quot;clientId&quot;&#13;&#10;        }, {&#13;&#10;          &quot;description&quot; : &quot;The maximum number of records to return.&quot;,&#13;&#10;          &quot;schema&quot; : {&#13;&#10;            &quot;maximum&quot; : 1000,&#13;&#10;            &quot;type&quot; : &quot;integer&quot;,&#13;&#10;            &quot;default&quot; : 100&#13;&#10;          },&#13;&#10;          &quot;in&quot; : &quot;query&quot;,&#13;&#10;          &quot;name&quot; : &quot;limit&quot;&#13;&#10;        } ],&#13;&#10;        &quot;responses&quot; : {&#13;&#10;          &quot;2XX&quot; : {&#13;&#10;            &quot;description&quot; : &quot;OK&quot;,&#13;&#10;            &quot;content&quot; : {&#13;&#10;              &quot;application/json&quot; : {&#13;&#10;                &quot;schema&quot; : {&#13;&#10;                  &quot;$ref&quot; : &quot;#/components/schemas/DeviceDetails&quot;&#13;&#10;                }&#13;&#10;              }&#13;&#10;            }&#13;&#10;          },&#13;&#10;          &quot;default&quot; : {&#13;&#10;            &quot;$ref&quot; : &quot;#/components/responses/Error&quot;&#13;&#10;          }&#13;&#10;        }&#13;&#10;      }&#13;&#10;    },&#13;&#10;    &quot;/push/channels&quot; : {&#13;&#10;      &quot;parameters&quot; : [ {&#13;&#10;        &quot;$ref&quot; : &quot;#/components/parameters/versionHeader&quot;&#13;&#10;      }, {&#13;&#10;        &quot;$ref&quot; : &quot;#/components/parameters/responseFormat&quot;&#13;&#10;      } ],&#13;&#10;      &quot;get&quot; : {&#13;&#10;        &quot;tags&quot; : [ &quot;Push&quot; ],&#13;&#10;        &quot;summary&quot; : &quot;List all channels with at least one subscribed device&quot;,&#13;&#10;        &quot;description&quot; : &quot;Returns a paginated response of channel names.&quot;,&#13;&#10;        &quot;operationId&quot; : &quot;getChannelsWithPushSubscribers&quot;,&#13;&#10;        &quot;responses&quot; : {&#13;&#10;          &quot;2XX&quot; : {&#13;&#10;            &quot;description&quot; : &quot;OK&quot;,&#13;&#10;            &quot;content&quot; : {&#13;&#10;              &quot;application/json&quot; : {&#13;&#10;                &quot;schema&quot; : {&#13;&#10;                  &quot;type&quot; : &quot;array&quot;,&#13;&#10;                  &quot;items&quot; : {&#13;&#10;                    &quot;type&quot; : &quot;string&quot;&#13;&#10;                  }&#13;&#10;                }&#13;&#10;              },&#13;&#10;              &quot;application/x-msgpack&quot; : {&#13;&#10;                &quot;schema&quot; : {&#13;&#10;                  &quot;type&quot; : &quot;array&quot;,&#13;&#10;                  &quot;items&quot; : {&#13;&#10;                    &quot;type&quot; : &quot;string&quot;&#13;&#10;                  }&#13;&#10;                }&#13;&#10;              },&#13;&#10;              &quot;text/html&quot; : {&#13;&#10;                &quot;schema&quot; : {&#13;&#10;                  &quot;type&quot; : &quot;array&quot;,&#13;&#10;                  &quot;items&quot; : {&#13;&#10;                    &quot;type&quot; : &quot;string&quot;&#13;&#10;                  }&#13;&#10;                }&#13;&#10;              }&#13;&#10;            }&#13;&#10;          },&#13;&#10;          &quot;default&quot; : {&#13;&#10;            &quot;$ref&quot; : &quot;#/components/responses/Error&quot;&#13;&#10;          }&#13;&#10;        }&#13;&#10;      }&#13;&#10;    },&#13;&#10;    &quot;/push/deviceRegistrations&quot; : {&#13;&#10;      &quot;parameters&quot; : [ {&#13;&#10;        &quot;$ref&quot; : &quot;#/components/parameters/versionHeader&quot;&#13;&#10;      }, {&#13;&#10;        &quot;$ref&quot; : &quot;#/components/parameters/responseFormat&quot;&#13;&#10;      } ],&#13;&#10;      &quot;post&quot; : {&#13;&#10;        &quot;tags&quot; : [ &quot;Push&quot; ],&#13;&#10;        &quot;summary&quot; : &quot;Register a device for receiving push notifications&quot;,&#13;&#10;        &quot;description&quot; : &quot;Register a device’s details, including the information necessary to deliver push notifications to it. Requires \&quot;push-admin\&quot; capability.&quot;,&#13;&#10;        &quot;operationId&quot; : &quot;registerPushDevice&quot;,&#13;&#10;        &quot;requestBody&quot; : {&#13;&#10;          &quot;content&quot; : {&#13;&#10;            &quot;application/json&quot; : {&#13;&#10;              &quot;schema&quot; : {&#13;&#10;                &quot;$ref&quot; : &quot;#/components/schemas/DeviceDetails&quot;&#13;&#10;              }&#13;&#10;            },&#13;&#10;            &quot;application/x-msgpack&quot; : {&#13;&#10;              &quot;schema&quot; : {&#13;&#10;                &quot;$ref&quot; : &quot;#/components/schemas/DeviceDetails&quot;&#13;&#10;              }&#13;&#10;            }&#13;&#10;          }&#13;&#10;        },&#13;&#10;        &quot;responses&quot; : {&#13;&#10;          &quot;2XX&quot; : {&#13;&#10;            &quot;description&quot; : &quot;OK&quot;,&#13;&#10;            &quot;content&quot; : {&#13;&#10;              &quot;application/json&quot; : {&#13;&#10;                &quot;schema&quot; : {&#13;&#10;                  &quot;$ref&quot; : &quot;#/components/schemas/DeviceDetails&quot;&#13;&#10;                }&#13;&#10;              },&#13;&#10;              &quot;application/x-msgpack&quot; : {&#13;&#10;                &quot;schema&quot; : {&#13;&#10;                  &quot;$ref&quot; : &quot;#/components/schemas/DeviceDetails&quot;&#13;&#10;                }&#13;&#10;              },&#13;&#10;              &quot;text/html&quot; : {&#13;&#10;                &quot;schema&quot; : {&#13;&#10;                  &quot;$ref&quot; : &quot;#/components/schemas/DeviceDetails&quot;&#13;&#10;                }&#13;&#10;              }&#13;&#10;            }&#13;&#10;          },&#13;&#10;          &quot;default&quot; : {&#13;&#10;            &quot;$ref&quot; : &quot;#/components/responses/Error&quot;&#13;&#10;          }&#13;&#10;        }&#13;&#10;      },&#13;&#10;      &quot;delete&quot; : {&#13;&#10;        &quot;tags&quot; : [ &quot;Push&quot; ],&#13;&#10;        &quot;summary&quot; : &quot;Unregister matching devices for push notifications&quot;,&#13;&#10;        &quot;description&quot; : &quot;Unregisters devices. All their subscriptions for receiving push notifications through channels will also be deleted.&quot;,&#13;&#10;        &quot;operationId&quot; : &quot;unregisterAllPushDevices&quot;,&#13;&#10;        &quot;parameters&quot; : [ {&#13;&#10;          &quot;description&quot; : &quot;Optional filter to restrict to devices associated with that deviceId. Cannot be used with clientId.&quot;,&#13;&#10;          &quot;schema&quot; : {&#13;&#10;            &quot;type&quot; : &quot;string&quot;&#13;&#10;          },&#13;&#10;          &quot;in&quot; : &quot;query&quot;,&#13;&#10;          &quot;name&quot; : &quot;deviceId&quot;&#13;&#10;        }, {&#13;&#10;          &quot;description&quot; : &quot;Optional filter to restrict to devices associated with that clientId. Cannot be used with deviceId.&quot;,&#13;&#10;          &quot;schema&quot; : {&#13;&#10;            &quot;type&quot; : &quot;string&quot;&#13;&#10;          },&#13;&#10;          &quot;in&quot; : &quot;query&quot;,&#13;&#10;          &quot;name&quot; : &quot;clientId&quot;&#13;&#10;        } ],&#13;&#10;        &quot;responses&quot; : {&#13;&#10;          &quot;2XX&quot; : {&#13;&#10;            &quot;description&quot; : &quot;OK&quot;&#13;&#10;          },&#13;&#10;          &quot;default&quot; : {&#13;&#10;            &quot;$ref&quot; : &quot;#/components/responses/Error&quot;&#13;&#10;          }&#13;&#10;        }&#13;&#10;      },&#13;&#10;      &quot;get&quot; : {&#13;&#10;        &quot;tags&quot; : [ &quot;Push&quot; ],&#13;&#10;        &quot;summary&quot; : &quot;List devices registered for receiving push notifications&quot;,&#13;&#10;        &quot;description&quot; : &quot;List of device details of devices registed for push notifications.&quot;,&#13;&#10;        &quot;operationId&quot; : &quot;getRegisteredPushDevices&quot;,&#13;&#10;        &quot;parameters&quot; : [ {&#13;&#10;          &quot;description&quot; : &quot;Optional filter to restrict to devices associated with that deviceId.&quot;,&#13;&#10;          &quot;schema&quot; : {&#13;&#10;            &quot;type&quot; : &quot;string&quot;&#13;&#10;          },&#13;&#10;          &quot;in&quot; : &quot;query&quot;,&#13;&#10;          &quot;name&quot; : &quot;deviceId&quot;&#13;&#10;        }, {&#13;&#10;          &quot;description&quot; : &quot;Optional filter to restrict to devices associated with that clientId.&quot;,&#13;&#10;          &quot;schema&quot; : {&#13;&#10;            &quot;type&quot; : &quot;string&quot;&#13;&#10;          },&#13;&#10;          &quot;in&quot; : &quot;query&quot;,&#13;&#10;          &quot;name&quot; : &quot;clientId&quot;&#13;&#10;        }, {&#13;&#10;          &quot;description&quot; : &quot;The maximum number of records to return.&quot;,&#13;&#10;          &quot;schema&quot; : {&#13;&#10;            &quot;maximum&quot; : 1000,&#13;&#10;            &quot;type&quot; : &quot;integer&quot;,&#13;&#10;            &quot;default&quot; : 100&#13;&#10;          },&#13;&#10;          &quot;in&quot; : &quot;query&quot;,&#13;&#10;          &quot;name&quot; : &quot;limit&quot;&#13;&#10;        } ],&#13;&#10;        &quot;responses&quot; : {&#13;&#10;          &quot;2XX&quot; : {&#13;&#10;            &quot;description&quot; : &quot;OK&quot;,&#13;&#10;            &quot;content&quot; : {&#13;&#10;              &quot;application/json&quot; : {&#13;&#10;                &quot;schema&quot; : {&#13;&#10;                  &quot;$ref&quot; : &quot;#/components/schemas/DeviceDetails&quot;&#13;&#10;                }&#13;&#10;              },&#13;&#10;              &quot;application/x-msgpack&quot; : {&#13;&#10;                &quot;schema&quot; : {&#13;&#10;                  &quot;$ref&quot; : &quot;#/components/schemas/DeviceDetails&quot;&#13;&#10;                }&#13;&#10;              },&#13;&#10;              &quot;text/html&quot; : {&#13;&#10;                &quot;schema&quot; : {&#13;&#10;                  &quot;$ref&quot; : &quot;#/components/schemas/DeviceDetails&quot;&#13;&#10;                }&#13;&#10;              }&#13;&#10;            }&#13;&#10;          },&#13;&#10;          &quot;default&quot; : {&#13;&#10;            &quot;$ref&quot; : &quot;#/components/responses/Error&quot;&#13;&#10;          }&#13;&#10;        }&#13;&#10;      }&#13;&#10;    },&#13;&#10;    &quot;/push/deviceRegistrations/{device_id}&quot; : {&#13;&#10;      &quot;parameters&quot; : [ {&#13;&#10;        &quot;$ref&quot; : &quot;#/components/parameters/versionHeader&quot;&#13;&#10;      }, {&#13;&#10;        &quot;$ref&quot; : &quot;#/components/parameters/responseFormat&quot;&#13;&#10;      } ],&#13;&#10;      &quot;patch&quot; : {&#13;&#10;        &quot;tags&quot; : [ &quot;Push&quot; ],&#13;&#10;        &quot;summary&quot; : &quot;Update a device registration&quot;,&#13;&#10;        &quot;description&quot; : &quot;Specific attributes of an existing registration can be updated. Only clientId, metadata and push.recipient are mutable.&quot;,&#13;&#10;        &quot;operationId&quot; : &quot;patchPushDeviceDetails&quot;,&#13;&#10;        &quot;parameters&quot; : [ {&#13;&#10;          &quot;$ref&quot; : &quot;#/components/parameters/deviceId&quot;&#13;&#10;        } ],&#13;&#10;        &quot;requestBody&quot; : {&#13;&#10;          &quot;content&quot; : {&#13;&#10;            &quot;application/json&quot; : {&#13;&#10;              &quot;schema&quot; : {&#13;&#10;                &quot;$ref&quot; : &quot;#/components/schemas/DeviceDetails&quot;&#13;&#10;              }&#13;&#10;            },&#13;&#10;            &quot;application/x-msgpack&quot; : {&#13;&#10;              &quot;schema&quot; : {&#13;&#10;                &quot;$ref&quot; : &quot;#/components/schemas/DeviceDetails&quot;&#13;&#10;              }&#13;&#10;            },&#13;&#10;            &quot;application/x-www-form-urlencoded&quot; : {&#13;&#10;              &quot;schema&quot; : {&#13;&#10;                &quot;$ref&quot; : &quot;#/components/schemas/DeviceDetails&quot;&#13;&#10;              }&#13;&#10;            }&#13;&#10;          }&#13;&#10;        },&#13;&#10;        &quot;responses&quot; : {&#13;&#10;          &quot;2XX&quot; : {&#13;&#10;            &quot;description&quot; : &quot;OK&quot;,&#13;&#10;            &quot;content&quot; : {&#13;&#10;              &quot;application/json&quot; : {&#13;&#10;                &quot;schema&quot; : {&#13;&#10;                  &quot;$ref&quot; : &quot;#/components/schemas/DeviceDetails&quot;&#13;&#10;                }&#13;&#10;              },&#13;&#10;              &quot;application/x-msgpack&quot; : {&#13;&#10;                &quot;schema&quot; : {&#13;&#10;                  &quot;$ref&quot; : &quot;#/components/schemas/DeviceDetails&quot;&#13;&#10;                }&#13;&#10;              },&#13;&#10;              &quot;text/html&quot; : {&#13;&#10;                &quot;schema&quot; : {&#13;&#10;                  &quot;$ref&quot; : &quot;#/components/schemas/DeviceDetails&quot;&#13;&#10;                }&#13;&#10;              }&#13;&#10;            }&#13;&#10;          },&#13;&#10;          &quot;default&quot; : {&#13;&#10;            &quot;$ref&quot; : &quot;#/components/responses/Error&quot;&#13;&#10;          }&#13;&#10;        }&#13;&#10;      },&#13;&#10;      &quot;delete&quot; : {&#13;&#10;        &quot;tags&quot; : [ &quot;Push&quot; ],&#13;&#10;        &quot;summary&quot; : &quot;Unregister a single device for push notifications&quot;,&#13;&#10;        &quot;description&quot; : &quot;Unregisters a single device by its device ID. All its subscriptions for receiving push notifications through channels will also be deleted.&quot;,&#13;&#10;        &quot;operationId&quot; : &quot;unregisterPushDevice&quot;,&#13;&#10;        &quot;parameters&quot; : [ {&#13;&#10;          &quot;$ref&quot; : &quot;#/components/parameters/deviceId&quot;&#13;&#10;        } ],&#13;&#10;        &quot;responses&quot; : {&#13;&#10;          &quot;2XX&quot; : {&#13;&#10;            &quot;description&quot; : &quot;OK&quot;&#13;&#10;          },&#13;&#10;          &quot;default&quot; : {&#13;&#10;            &quot;$ref&quot; : &quot;#/components/responses/Error&quot;&#13;&#10;          }&#13;&#10;        }&#13;&#10;      },&#13;&#10;      &quot;put&quot; : {&#13;&#10;        &quot;tags&quot; : [ &quot;Push&quot; ],&#13;&#10;        &quot;summary&quot; : &quot;Update a device registration&quot;,&#13;&#10;        &quot;description&quot; : &quot;Device registrations can be upserted (the existing registration is replaced entirely) with a PUT operation. Only clientId, metadata and push.recipient are mutable.&quot;,&#13;&#10;        &quot;operationId&quot; : &quot;putPushDeviceDetails&quot;,&#13;&#10;        &quot;parameters&quot; : [ {&#13;&#10;          &quot;$ref&quot; : &quot;#/components/parameters/deviceId&quot;&#13;&#10;        } ],&#13;&#10;        &quot;requestBody&quot; : {&#13;&#10;          &quot;content&quot; : {&#13;&#10;            &quot;application/json&quot; : {&#13;&#10;              &quot;schema&quot; : {&#13;&#10;                &quot;$ref&quot; : &quot;#/components/schemas/DeviceDetails&quot;&#13;&#10;              }&#13;&#10;            },&#13;&#10;            &quot;application/x-msgpack&quot; : {&#13;&#10;              &quot;schema&quot; : {&#13;&#10;                &quot;$ref&quot; : &quot;#/components/schemas/DeviceDetails&quot;&#13;&#10;              }&#13;&#10;            },&#13;&#10;            &quot;application/x-www-form-urlencoded&quot; : {&#13;&#10;              &quot;schema&quot; : {&#13;&#10;                &quot;$ref&quot; : &quot;#/components/schemas/DeviceDetails&quot;&#13;&#10;              }&#13;&#10;            }&#13;&#10;          }&#13;&#10;        },&#13;&#10;        &quot;responses&quot; : {&#13;&#10;          &quot;2XX&quot; : {&#13;&#10;            &quot;description&quot; : &quot;OK&quot;,&#13;&#10;            &quot;content&quot; : {&#13;&#10;              &quot;application/json&quot; : {&#13;&#10;                &quot;schema&quot; : {&#13;&#10;                  &quot;$ref&quot; : &quot;#/components/schemas/DeviceDetails&quot;&#13;&#10;                }&#13;&#10;              },&#13;&#10;              &quot;application/x-msgpack&quot; : {&#13;&#10;                &quot;schema&quot; : {&#13;&#10;                  &quot;$ref&quot; : &quot;#/components/schemas/DeviceDetails&quot;&#13;&#10;                }&#13;&#10;              },&#13;&#10;              &quot;text/html&quot; : {&#13;&#10;                &quot;schema&quot; : {&#13;&#10;                  &quot;$ref&quot; : &quot;#/components/schemas/DeviceDetails&quot;&#13;&#10;                }&#13;&#10;              }&#13;&#10;            }&#13;&#10;          },&#13;&#10;          &quot;default&quot; : {&#13;&#10;            &quot;$ref&quot; : &quot;#/components/responses/Error&quot;&#13;&#10;          }&#13;&#10;        }&#13;&#10;      },&#13;&#10;      &quot;get&quot; : {&#13;&#10;        &quot;tags&quot; : [ &quot;Push&quot; ],&#13;&#10;        &quot;summary&quot; : &quot;Get a device registration&quot;,&#13;&#10;        &quot;description&quot; : &quot;Get the full details of a device.&quot;,&#13;&#10;        &quot;operationId&quot; : &quot;getPushDeviceDetails&quot;,&#13;&#10;        &quot;parameters&quot; : [ {&#13;&#10;          &quot;$ref&quot; : &quot;#/components/parameters/deviceId&quot;&#13;&#10;        } ],&#13;&#10;        &quot;responses&quot; : {&#13;&#10;          &quot;2XX&quot; : {&#13;&#10;            &quot;description&quot; : &quot;OK&quot;,&#13;&#10;            &quot;content&quot; : {&#13;&#10;              &quot;application/json&quot; : {&#13;&#10;                &quot;schema&quot; : {&#13;&#10;                  &quot;$ref&quot; : &quot;#/components/schemas/DeviceDetails&quot;&#13;&#10;                }&#13;&#10;              },&#13;&#10;              &quot;application/x-msgpack&quot; : {&#13;&#10;                &quot;schema&quot; : {&#13;&#10;                  &quot;$ref&quot; : &quot;#/components/schemas/DeviceDetails&quot;&#13;&#10;                }&#13;&#10;              },&#13;&#10;              &quot;text/html&quot; : {&#13;&#10;                &quot;schema&quot; : {&#13;&#10;                  &quot;$ref&quot; : &quot;#/components/schemas/DeviceDetails&quot;&#13;&#10;                }&#13;&#10;              }&#13;&#10;            }&#13;&#10;          },&#13;&#10;          &quot;default&quot; : {&#13;&#10;            &quot;$ref&quot; : &quot;#/components/responses/Error&quot;&#13;&#10;          }&#13;&#10;        }&#13;&#10;      }&#13;&#10;    },&#13;&#10;    &quot;/push/deviceRegistrations/{device_id}/resetUpdateToken&quot; : {&#13;&#10;      &quot;parameters&quot; : [ {&#13;&#10;        &quot;$ref&quot; : &quot;#/components/parameters/versionHeader&quot;&#13;&#10;      }, {&#13;&#10;        &quot;$ref&quot; : &quot;#/components/parameters/responseFormat&quot;&#13;&#10;      } ],&#13;&#10;      &quot;get&quot; : {&#13;&#10;        &quot;tags&quot; : [ &quot;Push&quot; ],&#13;&#10;        &quot;summary&quot; : &quot;Reset a registered device's update token&quot;,&#13;&#10;        &quot;description&quot; : &quot;Gets an updated device details object.&quot;,&#13;&#10;        &quot;operationId&quot; : &quot;updatePushDeviceDetails&quot;,&#13;&#10;        &quot;parameters&quot; : [ {&#13;&#10;          &quot;$ref&quot; : &quot;#/components/parameters/deviceId&quot;&#13;&#10;        } ],&#13;&#10;        &quot;responses&quot; : {&#13;&#10;          &quot;2XX&quot; : {&#13;&#10;            &quot;description&quot; : &quot;OK&quot;,&#13;&#10;            &quot;content&quot; : {&#13;&#10;              &quot;application/json&quot; : {&#13;&#10;                &quot;schema&quot; : {&#13;&#10;                  &quot;$ref&quot; : &quot;#/components/schemas/DeviceDetails&quot;&#13;&#10;                }&#13;&#10;              },&#13;&#10;              &quot;application/x-msgpack&quot; : {&#13;&#10;                &quot;schema&quot; : {&#13;&#10;                  &quot;$ref&quot; : &quot;#/components/schemas/DeviceDetails&quot;&#13;&#10;                }&#13;&#10;              },&#13;&#10;              &quot;text/html&quot; : {&#13;&#10;                &quot;schema&quot; : {&#13;&#10;                  &quot;$ref&quot; : &quot;#/components/schemas/DeviceDetails&quot;&#13;&#10;                }&#13;&#10;              }&#13;&#10;            }&#13;&#10;          },&#13;&#10;          &quot;default&quot; : {&#13;&#10;            &quot;$ref&quot; : &quot;#/components/responses/Error&quot;&#13;&#10;          }&#13;&#10;        }&#13;&#10;      }&#13;&#10;    },&#13;&#10;    &quot;/push/publish&quot; : {&#13;&#10;      &quot;parameters&quot; : [ {&#13;&#10;        &quot;$ref&quot; : &quot;#/components/parameters/versionHeader&quot;&#13;&#10;      }, {&#13;&#10;        &quot;$ref&quot; : &quot;#/components/parameters/responseFormat&quot;&#13;&#10;      } ],&#13;&#10;      &quot;post&quot; : {&#13;&#10;        &quot;tags&quot; : [ &quot;Push&quot; ],&#13;&#10;        &quot;summary&quot; : &quot;Publish a push notification to device(s)&quot;,&#13;&#10;        &quot;description&quot; : &quot;A convenience endpoint to deliver a push notification payload to a single device or set of devices identified by their client identifier.&quot;,&#13;&#10;        &quot;operationId&quot; : &quot;publishPushNotificationToDevices&quot;,&#13;&#10;        &quot;requestBody&quot; : {&#13;&#10;          &quot;content&quot; : {&#13;&#10;            &quot;application/json&quot; : {&#13;&#10;              &quot;schema&quot; : {&#13;&#10;                &quot;properties&quot; : {&#13;&#10;                  &quot;push&quot; : {&#13;&#10;                    &quot;$ref&quot; : &quot;#/components/schemas/Push&quot;&#13;&#10;                  },&#13;&#10;                  &quot;recipient&quot; : {&#13;&#10;                    &quot;$ref&quot; : &quot;#/components/schemas/Recipient&quot;&#13;&#10;                  }&#13;&#10;                },&#13;&#10;                &quot;type&quot; : &quot;object&quot;,&#13;&#10;                &quot;required&quot; : [ &quot;recipient&quot; ]&#13;&#10;              }&#13;&#10;            },&#13;&#10;            &quot;application/x-msgpack&quot; : {&#13;&#10;              &quot;schema&quot; : {&#13;&#10;                &quot;properties&quot; : {&#13;&#10;                  &quot;push&quot; : {&#13;&#10;                    &quot;$ref&quot; : &quot;#/components/schemas/Push&quot;&#13;&#10;                  },&#13;&#10;                  &quot;recipient&quot; : {&#13;&#10;                    &quot;$ref&quot; : &quot;#/components/schemas/Recipient&quot;&#13;&#10;                  }&#13;&#10;                },&#13;&#10;                &quot;type&quot; : &quot;object&quot;,&#13;&#10;                &quot;required&quot; : [ &quot;recipient&quot; ]&#13;&#10;              }&#13;&#10;            },&#13;&#10;            &quot;application/x-www-form-urlencoded&quot; : {&#13;&#10;              &quot;schema&quot; : {&#13;&#10;                &quot;properties&quot; : {&#13;&#10;                  &quot;push&quot; : {&#13;&#10;                    &quot;$ref&quot; : &quot;#/components/schemas/Push&quot;&#13;&#10;                  },&#13;&#10;                  &quot;recipient&quot; : {&#13;&#10;                    &quot;$ref&quot; : &quot;#/components/schemas/Recipient&quot;&#13;&#10;                  }&#13;&#10;                },&#13;&#10;                &quot;type&quot; : &quot;object&quot;,&#13;&#10;                &quot;required&quot; : [ &quot;recipient&quot; ]&#13;&#10;              }&#13;&#10;            }&#13;&#10;          }&#13;&#10;        },&#13;&#10;        &quot;responses&quot; : {&#13;&#10;          &quot;2XX&quot; : {&#13;&#10;            &quot;description&quot; : &quot;OK&quot;&#13;&#10;          },&#13;&#10;          &quot;default&quot; : {&#13;&#10;            &quot;$ref&quot; : &quot;#/components/responses/Error&quot;&#13;&#10;          }&#13;&#10;        }&#13;&#10;      }&#13;&#10;    },&#13;&#10;    &quot;/stats&quot; : {&#13;&#10;      &quot;parameters&quot; : [ {&#13;&#10;        &quot;$ref&quot; : &quot;#/components/parameters/versionHeader&quot;&#13;&#10;      }, {&#13;&#10;        &quot;$ref&quot; : &quot;#/components/parameters/responseFormat&quot;&#13;&#10;      } ],&#13;&#10;      &quot;get&quot; : {&#13;&#10;        &quot;tags&quot; : [ &quot;Stats&quot; ],&#13;&#10;        &quot;summary&quot; : &quot;Retrieve usage statistics for an application&quot;,&#13;&#10;        &quot;description&quot; : &quot;The Ably system can be queried to obtain usage statistics for a given application, and results are provided aggregated across all channels in use in the application in the specified period. Stats may be used to track usage against account quotas.&quot;,&#13;&#10;        &quot;operationId&quot; : &quot;getStats&quot;,&#13;&#10;        &quot;parameters&quot; : [ {&#13;&#10;          &quot;$ref&quot; : &quot;#/components/parameters/filterStart&quot;&#13;&#10;        }, {&#13;&#10;          &quot;$ref&quot; : &quot;#/components/parameters/filterLimit&quot;&#13;&#10;        }, {&#13;&#10;          &quot;$ref&quot; : &quot;#/components/parameters/filterEnd&quot;&#13;&#10;        }, {&#13;&#10;          &quot;$ref&quot; : &quot;#/components/parameters/filterDirection&quot;&#13;&#10;        }, {&#13;&#10;          &quot;description&quot; : &quot;Specifies the unit of aggregation in the returned results.&quot;,&#13;&#10;          &quot;schema&quot; : {&#13;&#10;            &quot;type&quot; : &quot;string&quot;,&#13;&#10;            &quot;default&quot; : &quot;minute&quot;,&#13;&#10;            &quot;enum&quot; : [ &quot;minute&quot;, &quot;hour&quot;, &quot;day&quot;, &quot;month&quot; ]&#13;&#10;          },&#13;&#10;          &quot;in&quot; : &quot;query&quot;,&#13;&#10;          &quot;name&quot; : &quot;unit&quot;&#13;&#10;        } ],&#13;&#10;        &quot;responses&quot; : {&#13;&#10;          &quot;2XX&quot; : {&#13;&#10;            &quot;description&quot; : &quot;OK&quot;,&#13;&#10;            &quot;content&quot; : {&#13;&#10;              &quot;application/json&quot; : {&#13;&#10;                &quot;schema&quot; : {&#13;&#10;                  &quot;type&quot; : &quot;object&quot;&#13;&#10;                }&#13;&#10;              }&#13;&#10;            }&#13;&#10;          },&#13;&#10;          &quot;default&quot; : {&#13;&#10;            &quot;$ref&quot; : &quot;#/components/responses/Error&quot;&#13;&#10;          }&#13;&#10;        }&#13;&#10;      }&#13;&#10;    },&#13;&#10;    &quot;/time&quot; : {&#13;&#10;      &quot;parameters&quot; : [ {&#13;&#10;        &quot;$ref&quot; : &quot;#/components/parameters/versionHeader&quot;&#13;&#10;      }, {&#13;&#10;        &quot;$ref&quot; : &quot;#/components/parameters/responseFormat&quot;&#13;&#10;      } ],&#13;&#10;      &quot;get&quot; : {&#13;&#10;        &quot;tags&quot; : [ &quot;Stats&quot; ],&#13;&#10;        &quot;summary&quot; : &quot;Get the service time&quot;,&#13;&#10;        &quot;description&quot; : &quot;This returns the service time in milliseconds since the epoch.&quot;,&#13;&#10;        &quot;operationId&quot; : &quot;getTime&quot;,&#13;&#10;        &quot;responses&quot; : {&#13;&#10;          &quot;2XX&quot; : {&#13;&#10;            &quot;description&quot; : &quot;OK&quot;,&#13;&#10;            &quot;content&quot; : {&#13;&#10;              &quot;application/json&quot; : {&#13;&#10;                &quot;schema&quot; : {&#13;&#10;                  &quot;type&quot; : &quot;array&quot;,&#13;&#10;                  &quot;items&quot; : {&#13;&#10;                    &quot;type&quot; : &quot;integer&quot;&#13;&#10;                  }&#13;&#10;                }&#13;&#10;              },&#13;&#10;              &quot;application/x-msgpack&quot; : {&#13;&#10;                &quot;schema&quot; : {&#13;&#10;                  &quot;type&quot; : &quot;array&quot;,&#13;&#10;                  &quot;items&quot; : {&#13;&#10;                    &quot;type&quot; : &quot;integer&quot;&#13;&#10;                  }&#13;&#10;                }&#13;&#10;              },&#13;&#10;              &quot;text/html&quot; : {&#13;&#10;                &quot;schema&quot; : {&#13;&#10;                  &quot;type&quot; : &quot;string&quot;&#13;&#10;                }&#13;&#10;              }&#13;&#10;            }&#13;&#10;          },&#13;&#10;          &quot;default&quot; : {&#13;&#10;            &quot;$ref&quot; : &quot;#/components/responses/Error&quot;&#13;&#10;          }&#13;&#10;        },&#13;&#10;        &quot;security&quot; : [ ]&#13;&#10;      }&#13;&#10;    }&#13;&#10;  },&#13;&#10;  &quot;components&quot; : {&#13;&#10;    &quot;headers&quot; : {&#13;&#10;      &quot;ErrorCode&quot; : {&#13;&#10;        &quot;description&quot; : &quot;The error code.&quot;,&#13;&#10;        &quot;schema&quot; : {&#13;&#10;          &quot;type&quot; : &quot;integer&quot;&#13;&#10;        }&#13;&#10;      },&#13;&#10;      &quot;ErrorMessage&quot; : {&#13;&#10;        &quot;description&quot; : &quot;The error message.&quot;,&#13;&#10;        &quot;schema&quot; : {&#13;&#10;          &quot;type&quot; : &quot;string&quot;&#13;&#10;        }&#13;&#10;      },&#13;&#10;      &quot;Link&quot; : {&#13;&#10;        &quot;description&quot; : &quot;Links to related resources, in the format defined by [RFC 5988](https://tools.ietf.org/html/rfc5988#section-5). This will potentially include a link with relation type `next`, `first`, and `current`, where appropiate.&quot;,&#13;&#10;        &quot;required&quot; : true,&#13;&#10;        &quot;schema&quot; : {&#13;&#10;          &quot;pattern&quot; : &quot;(&lt;(.*)?&gt;; rel=\\\&quot;(first|current|last)?\\\&quot;,)*(&lt;(.*)?&gt;; rel=\\\&quot;(first|current|last)?\\\&quot;)+&quot;,&#13;&#10;          &quot;type&quot; : &quot;string&quot;&#13;&#10;        }&#13;&#10;      },&#13;&#10;      &quot;ServerId&quot; : {&#13;&#10;        &quot;description&quot; : &quot;The ID for the server communicated with.&quot;,&#13;&#10;        &quot;required&quot; : true,&#13;&#10;        &quot;schema&quot; : {&#13;&#10;          &quot;type&quot; : &quot;string&quot;&#13;&#10;        }&#13;&#10;      }&#13;&#10;    },&#13;&#10;    &quot;parameters&quot; : {&#13;&#10;      &quot;channelId&quot; : {&#13;&#10;        &quot;description&quot; : &quot;The [Channel's ID](https://www.ably.io/documentation/rest/channels).&quot;,&#13;&#10;        &quot;required&quot; : true,&#13;&#10;        &quot;schema&quot; : {&#13;&#10;          &quot;type&quot; : &quot;string&quot;&#13;&#10;        },&#13;&#10;        &quot;in&quot; : &quot;path&quot;,&#13;&#10;        &quot;name&quot; : &quot;channel_id&quot;&#13;&#10;      },&#13;&#10;      &quot;deviceId&quot; : {&#13;&#10;        &quot;description&quot; : &quot;Device's ID.&quot;,&#13;&#10;        &quot;required&quot; : true,&#13;&#10;        &quot;schema&quot; : {&#13;&#10;          &quot;type&quot; : &quot;string&quot;&#13;&#10;        },&#13;&#10;        &quot;in&quot; : &quot;path&quot;,&#13;&#10;        &quot;name&quot; : &quot;device_id&quot;&#13;&#10;      },&#13;&#10;      &quot;filterDirection&quot; : {&#13;&#10;        &quot;schema&quot; : {&#13;&#10;          &quot;type&quot; : &quot;string&quot;,&#13;&#10;          &quot;default&quot; : &quot;backwards&quot;,&#13;&#10;          &quot;enum&quot; : [ &quot;forwards&quot;, &quot;backwards&quot; ]&#13;&#10;        },&#13;&#10;        &quot;in&quot; : &quot;query&quot;,&#13;&#10;        &quot;name&quot; : &quot;direction&quot;&#13;&#10;      },&#13;&#10;      &quot;filterEnd&quot; : {&#13;&#10;        &quot;schema&quot; : {&#13;&#10;          &quot;type&quot; : &quot;string&quot;,&#13;&#10;          &quot;default&quot; : &quot;now&quot;&#13;&#10;        },&#13;&#10;        &quot;in&quot; : &quot;query&quot;,&#13;&#10;        &quot;name&quot; : &quot;end&quot;&#13;&#10;      },&#13;&#10;      &quot;filterLimit&quot; : {&#13;&#10;        &quot;schema&quot; : {&#13;&#10;          &quot;type&quot; : &quot;integer&quot;,&#13;&#10;          &quot;default&quot; : &quot;100&quot;&#13;&#10;        },&#13;&#10;        &quot;in&quot; : &quot;query&quot;,&#13;&#10;        &quot;name&quot; : &quot;limit&quot;&#13;&#10;      },&#13;&#10;      &quot;filterStart&quot; : {&#13;&#10;        &quot;schema&quot; : {&#13;&#10;          &quot;type&quot; : &quot;string&quot;&#13;&#10;        },&#13;&#10;        &quot;in&quot; : &quot;query&quot;,&#13;&#10;        &quot;name&quot; : &quot;start&quot;&#13;&#10;      },&#13;&#10;      &quot;key_name&quot; : {&#13;&#10;        &quot;description&quot; : &quot;The [key name](https://www.ably.io/documentation/rest-api/token-request-spec#api-key-format) comprises of the app ID and key ID of an API key.&quot;,&#13;&#10;        &quot;required&quot; : true,&#13;&#10;        &quot;schema&quot; : {&#13;&#10;          &quot;type&quot; : &quot;string&quot;&#13;&#10;        },&#13;&#10;        &quot;in&quot; : &quot;path&quot;,&#13;&#10;        &quot;name&quot; : &quot;keyName&quot;&#13;&#10;      },&#13;&#10;      &quot;responseFormat&quot; : {&#13;&#10;        &quot;description&quot; : &quot;The response format you would like&quot;,&#13;&#10;        &quot;schema&quot; : {&#13;&#10;          &quot;type&quot; : &quot;string&quot;,&#13;&#10;          &quot;enum&quot; : [ &quot;json&quot;, &quot;jsonp&quot;, &quot;msgpack&quot;, &quot;html&quot; ]&#13;&#10;        },&#13;&#10;        &quot;in&quot; : &quot;query&quot;,&#13;&#10;        &quot;name&quot; : &quot;format&quot;&#13;&#10;      },&#13;&#10;      &quot;versionHeader&quot; : {&#13;&#10;        &quot;description&quot; : &quot;The version of the API you wish to use.&quot;,&#13;&#10;        &quot;schema&quot; : {&#13;&#10;          &quot;type&quot; : &quot;string&quot;&#13;&#10;        },&#13;&#10;        &quot;in&quot; : &quot;header&quot;,&#13;&#10;        &quot;name&quot; : &quot;X-Ably-Version&quot;&#13;&#10;      }&#13;&#10;    },&#13;&#10;    &quot;responses&quot; : {&#13;&#10;      &quot;Error&quot; : {&#13;&#10;        &quot;description&quot; : &quot;Error&quot;,&#13;&#10;        &quot;headers&quot; : {&#13;&#10;          &quot;x-ably-errorcode&quot; : {&#13;&#10;            &quot;$ref&quot; : &quot;#/components/headers/ErrorCode&quot;&#13;&#10;          },&#13;&#10;          &quot;x-ably-errormessage&quot; : {&#13;&#10;            &quot;$ref&quot; : &quot;#/components/headers/ErrorMessage&quot;&#13;&#10;          },&#13;&#10;          &quot;x-ably-serverid&quot; : {&#13;&#10;            &quot;$ref&quot; : &quot;#/components/headers/ServerId&quot;&#13;&#10;          }&#13;&#10;        },&#13;&#10;        &quot;content&quot; : {&#13;&#10;          &quot;application/json&quot; : {&#13;&#10;            &quot;schema&quot; : {&#13;&#10;              &quot;$ref&quot; : &quot;#/components/schemas/Error&quot;&#13;&#10;            }&#13;&#10;          },&#13;&#10;          &quot;application/x-msgpack&quot; : {&#13;&#10;            &quot;schema&quot; : {&#13;&#10;              &quot;$ref&quot; : &quot;#/components/schemas/Error&quot;&#13;&#10;            }&#13;&#10;          },&#13;&#10;          &quot;text/html&quot; : {&#13;&#10;            &quot;schema&quot; : {&#13;&#10;              &quot;$ref&quot; : &quot;#/components/schemas/Error&quot;&#13;&#10;            }&#13;&#10;          }&#13;&#10;        }&#13;&#10;      }&#13;&#10;    },&#13;&#10;    &quot;schemas&quot; : {&#13;&#10;      &quot;ChannelDetails&quot; : {&#13;&#10;        &quot;properties&quot; : {&#13;&#10;          &quot;channelId&quot; : {&#13;&#10;            &quot;description&quot; : &quot;The required name of the channel including any qualifier, if any.&quot;,&#13;&#10;            &quot;type&quot; : &quot;string&quot;&#13;&#10;          },&#13;&#10;          &quot;isGlobalMaster&quot; : {&#13;&#10;            &quot;description&quot; : &quot;In events relating to the activity of a channel in a specific region, this optionally identifies whether or not that region is responsible for global coordination of the channel.&quot;,&#13;&#10;            &quot;type&quot; : &quot;boolean&quot;&#13;&#10;          },&#13;&#10;          &quot;region&quot; : {&#13;&#10;            &quot;description&quot; : &quot;In events relating to the activity of a channel in a specific region, this optionally identifies the region.&quot;,&#13;&#10;            &quot;type&quot; : &quot;string&quot;&#13;&#10;          },&#13;&#10;          &quot;status&quot; : {&#13;&#10;            &quot;$ref&quot; : &quot;#/components/schemas/ChannelStatus&quot;&#13;&#10;          }&#13;&#10;        },&#13;&#10;        &quot;type&quot; : &quot;object&quot;,&#13;&#10;        &quot;required&quot; : [ &quot;channelId&quot; ]&#13;&#10;      },&#13;&#10;      &quot;ChannelStatus&quot; : {&#13;&#10;        &quot;description&quot; : &quot;A ChannelStatus instance.&quot;,&#13;&#10;        &quot;properties&quot; : {&#13;&#10;          &quot;isActive&quot; : {&#13;&#10;            &quot;description&quot; : &quot;A required boolean value indicating whether the channel that is the subject of the event is active. For events indicating regional activity of a channel this indicates activity in that region, not global activity.&quot;,&#13;&#10;            &quot;type&quot; : &quot;boolean&quot;&#13;&#10;          },&#13;&#10;          &quot;occupancy&quot; : {&#13;&#10;            &quot;$ref&quot; : &quot;#/components/schemas/Occupancy&quot;&#13;&#10;          }&#13;&#10;        },&#13;&#10;        &quot;type&quot; : &quot;object&quot;,&#13;&#10;        &quot;required&quot; : [ &quot;isActive&quot; ]&#13;&#10;      },&#13;&#10;      &quot;DeviceDetails&quot; : {&#13;&#10;        &quot;properties&quot; : {&#13;&#10;          &quot;clientId&quot; : {&#13;&#10;            &quot;description&quot; : &quot;Optional trusted client identifier for the device.&quot;,&#13;&#10;            &quot;type&quot; : &quot;string&quot;&#13;&#10;          },&#13;&#10;          &quot;deviceSecret&quot; : {&#13;&#10;            &quot;description&quot; : &quot;Secret value for the device.&quot;,&#13;&#10;            &quot;type&quot; : &quot;string&quot;&#13;&#10;          },&#13;&#10;          &quot;formFactor&quot; : {&#13;&#10;            &quot;description&quot; : &quot;Form factor of the push device.&quot;,&#13;&#10;            &quot;type&quot; : &quot;string&quot;,&#13;&#10;            &quot;enum&quot; : [ &quot;phone&quot;, &quot;tablet&quot;, &quot;desktop&quot;, &quot;tv&quot;, &quot;watch&quot;, &quot;car&quot;, &quot;embedded&quot; ]&#13;&#10;          },&#13;&#10;          &quot;id&quot; : {&#13;&#10;            &quot;description&quot; : &quot;Unique identifier for the device generated by the device itself.&quot;,&#13;&#10;            &quot;type&quot; : &quot;string&quot;&#13;&#10;          },&#13;&#10;          &quot;metadata&quot; : {&#13;&#10;            &quot;description&quot; : &quot;Optional metadata object for this device. The metadata for a device may only be set by clients with push-admin privileges and will be used more extensively in the future with smart notifications.&quot;,&#13;&#10;            &quot;type&quot; : &quot;object&quot;&#13;&#10;          },&#13;&#10;          &quot;platform&quot; : {&#13;&#10;            &quot;description&quot; : &quot;Platform of the push device.&quot;,&#13;&#10;            &quot;type&quot; : &quot;string&quot;,&#13;&#10;            &quot;enum&quot; : [ &quot;ios&quot;, &quot;android&quot; ]&#13;&#10;          },&#13;&#10;          &quot;push.recipient&quot; : {&#13;&#10;            &quot;$ref&quot; : &quot;#/components/schemas/Recipient&quot;&#13;&#10;          },&#13;&#10;          &quot;push.state&quot; : {&#13;&#10;            &quot;description&quot; : &quot;the current state of the push device.&quot;,&#13;&#10;            &quot;readOnly&quot; : true,&#13;&#10;            &quot;type&quot; : &quot;string&quot;,&#13;&#10;            &quot;enum&quot; : [ &quot;Active&quot;, &quot;Failing&quot;, &quot;Failed&quot; ]&#13;&#10;          }&#13;&#10;        },&#13;&#10;        &quot;type&quot; : &quot;object&quot;&#13;&#10;      },&#13;&#10;      &quot;Error&quot; : {&#13;&#10;        &quot;description&quot; : &quot;Returned error from failed REST.&quot;,&#13;&#10;        &quot;properties&quot; : {&#13;&#10;          &quot;code&quot; : {&#13;&#10;            &quot;description&quot; : &quot;Er
[...]
          }
        },
        &quot;type&quot; : &quot;object&quot;,
        &quot;required&quot; : [ &quot;isActive&quot; ]
      },
      &quot;Extras&quot; : {
        &quot;description&quot; : &quot;Extras object. Currently only allows for [push](https://www.ably.io/documentation/general/push/publish#channel-broadcast-example) extra.&quot;,
        &quot;properties&quot; : {
          &quot;push&quot; : {
            &quot;$ref&quot; : &quot;#/components/schemas/Push&quot;
          }
        },
        &quot;type&quot; : &quot;object&quot;
      },
      &quot;Notification&quot; : {
        &quot;properties&quot; : {
          &quot;collapseKey&quot; : {
            &quot;description&quot; : &quot;Platform-specific, used to group notifications together.&quot;,
            &quot;type&quot; : &quot;string&quot;
          },
          &quot;sound&quot; : {
            &quot;description&quot; : &quot;Platform-specific sound for the notification.&quot;,
            &quot;type&quot; : &quot;string&quot;
          },
          &quot;icon&quot; : {
            &quot;description&quot; : &quot;Platform-specific icon for the notification.&quot;,
            &quot;type&quot; : &quot;string&quot;
          },
          &quot;body&quot; : {
            &quot;description&quot; : &quot;Text below title on the expanded notification.&quot;,
            &quot;type&quot; : &quot;string&quot;
          },
          &quot;title&quot; : {
            &quot;description&quot; : &quot;Title to display at the notification.&quot;,
            &quot;type&quot; : &quot;string&quot;
          }
        },
        &quot;type&quot; : &quot;object&quot;
      },
      &quot;TokenDetails&quot; : {
        &quot;properties&quot; : {
          &quot;capability&quot; : {
            &quot;description&quot; : &quot;Regular expression representation of the capabilities of the token.&quot;,
            &quot;type&quot; : &quot;string&quot;
          },
          &quot;expires&quot; : {
            &quot;description&quot; : &quot;Timestamp of token expiration.&quot;,
            &quot;type&quot; : &quot;integer&quot;
          },
          &quot;keyName&quot; : {
            &quot;description&quot; : &quot;Name of the key used to create the token&quot;,
            &quot;type&quot; : &quot;string&quot;
          },
          &quot;issued&quot; : {
            &quot;description&quot; : &quot;Timestamp of token creation.&quot;,
            &quot;type&quot; : &quot;integer&quot;
          },
          &quot;token&quot; : {
            &quot;description&quot; : &quot;The Ably Token.&quot;,
            &quot;type&quot; : &quot;string&quot;
          }
        },
        &quot;type&quot; : &quot;object&quot;
      },
      &quot;Occupancy&quot; : {
        &quot;description&quot; : &quot;An Occupancy instance indicating the occupancy of a channel. For events indicating regional activity of a channel this indicates activity in that region, not global activity.&quot;,
        &quot;properties&quot; : {
          &quot;presenceMembers&quot; : {
            &quot;description&quot; : &quot;The number of members currently entered into the presence channel.&quot;,
            &quot;type&quot; : &quot;integer&quot;
          },
          &quot;presenceSubscribers&quot; : {
            &quot;description&quot; : &quot;The number of connections that are authorised to subscribe to presence messages.&quot;,
            &quot;type&quot; : &quot;integer&quot;
          },
          &quot;subscribers&quot; : {
            &quot;description&quot; : &quot;The number of connections attached that are authorised to subscribe to messages.&quot;,
            &quot;type&quot; : &quot;integer&quot;
          },
          &quot;publishers&quot; : {
            &quot;description&quot; : &quot;The number of connections attached to the channel that are authorised to publish.&quot;,
            &quot;type&quot; : &quot;integer&quot;
          },
          &quot;presenceConnections&quot; : {
            &quot;description&quot; : &quot;The number of connections that are authorised to enter members into the presence channel.&quot;,
            &quot;type&quot; : &quot;integer&quot;
          }
        },
        &quot;type&quot; : &quot;object&quot;
      },
      &quot;TokenRequest&quot; : {
        &quot;properties&quot; : {
          &quot;capability&quot; : {
            &quot;description&quot; : &quot;The [capabilities](https://www.ably.io/documentation/core-features/authentication#capabilities-explained) (i.e. a set of channel names/namespaces and, for each, a set of operations) which should be a subset of the set of capabilities associated with the key specified in keyName.&quot;,
            &quot;example&quot; : {
              &quot;channel1&quot; : [ &quot;publish&quot;, &quot;subscribe&quot; ]
            },
            &quot;type&quot; : &quot;object&quot;
          },
          &quot;clientId&quot; : {
            &quot;description&quot; : &quot;The [client ID](https://www.ably.io/documentation/core-features/authentication#identified-clients) to be assosciated with the token. Can be set to * to allow for any client ID to be used.&quot;,
            &quot;type&quot; : &quot;string&quot;
          },
          &quot;keyName&quot; : {
            &quot;description&quot; : &quot;Name of the key used for the TokenRequest. The keyName comprises of the app ID and key ID on an API Key.&quot;,
            &quot;example&quot; : &quot;xVLyHw.LMJZxw&quot;,
            &quot;type&quot; : &quot;string&quot;
          },
          &quot;nonce&quot; : {
            &quot;description&quot; : &quot;An unquoted, un-escaped random string of at least 16 characters. Used to ensure the Ably TokenRequest cannot be reused.&quot;,
            &quot;type&quot; : &quot;string&quot;
          },
          &quot;timestamp&quot; : {
            &quot;description&quot; : &quot;Time of creation of the Ably TokenRequest.&quot;,
            &quot;type&quot; : &quot;integer&quot;
          }
        },
        &quot;type&quot; : &quot;object&quot;,
        &quot;required&quot; : [ &quot;keyName&quot;, &quot;capability&quot;, &quot;timestamp&quot;, &quot;nonce&quot; ]
      },
      &quot;Push&quot; : {
        &quot;properties&quot; : {
          &quot;fcm&quot; : {
            &quot;description&quot; : &quot;Extends and overrides generic values when delivering via GCM/FCM. [See examples](https://www.ably.io/documentation/general/push/publish#payload-structure)&quot;,
            &quot;properties&quot; : {
              &quot;notification&quot; : {
                &quot;$ref&quot; : &quot;#/components/schemas/Notification&quot;
              }
            },
            &quot;type&quot; : &quot;object&quot;
          },
          &quot;notification&quot; : {
            &quot;$ref&quot; : &quot;#/components/schemas/Notification&quot;
          },
          &quot;data&quot; : {
            &quot;description&quot; : &quot;Arbitrary [key-value string-to-string payload](https://www.ably.io/documentation/general/push/publish#channel-broadcast-example).&quot;,
            &quot;type&quot; : &quot;string&quot;
          },
          &quot;web&quot; : {
            &quot;description&quot; : &quot;Extends and overrides generic values when delivering via web. [See examples](https://www.ably.io/documentation/general/push/publish#payload-structure)&quot;,
            &quot;properties&quot; : {
              &quot;notification&quot; : {
                &quot;$ref&quot; : &quot;#/components/schemas/Notification&quot;
              }
            },
            &quot;type&quot; : &quot;object&quot;
          },
          &quot;apns&quot; : {
            &quot;description&quot; : &quot;Extends and overrides generic values when delivering via APNs. [See examples](https://www.ably.io/documentation/general/push/publish#payload-structure)&quot;,
            &quot;properties&quot; : {
              &quot;notification&quot; : {
                &quot;$ref&quot; : &quot;#/components/schemas/Notification&quot;
              }
            },
            &quot;type&quot; : &quot;object&quot;
          }
        },
        &quot;type&quot; : &quot;object&quot;
      },
      &quot;SignedTokenRequest&quot; : {
        &quot;allOf&quot; : [ {
          &quot;$ref&quot; : &quot;#/components/schemas/TokenRequest&quot;
        }, {
          &quot;properties&quot; : {
            &quot;mac&quot; : {
              &quot;description&quot; : &quot;A signature, generated as an HMAC of each of the above components, using the key secret value.&quot;,
              &quot;type&quot; : &quot;string&quot;
            }
          },
          &quot;type&quot; : &quot;object&quot;,
          &quot;required&quot; : [ &quot;mac&quot; ]
        } ]
      }
    },
    &quot;securitySchemes&quot; : {
      &quot;basicAuth&quot; : {
        &quot;type&quot; : &quot;http&quot;,
        &quot;description&quot; : &quot;Basic Authentication using an [API key](https://www.ably.io/documentation/core-features/authentication#basic-authentication).&quot;,
        &quot;scheme&quot; : &quot;basic&quot;,
        &quot;bearerFormat&quot; : &quot;&quot;
      },
      &quot;bearerAuth&quot; : {
        &quot;type&quot; : &quot;http&quot;,
        &quot;description&quot; : &quot;Token Authentication using an [Ably Token](https://www.ably.io/documentation/core-features/authentication#basic-authentication), or optionally an [Ably JWT](https://www.ably.io/documentation/core-features/authentication#ably-jwt-process).&quot;,
        &quot;scheme&quot; : &quot;bearer&quot;,
        &quot;bearerFormat&quot; : &quot;&quot;
      }
    }
  },
  &quot;security&quot; : [ {
    &quot;basicAuth&quot; : [ ]
  }, {
    &quot;bearerAuth&quot; : [ ]
  } ]
}&gt;
	at org.junit.jupiter.api.AssertionUtils.fail(AssertionUtils.java:55)
	at org.junit.jupiter.api.AssertionUtils.failNotEqual(AssertionUtils.java:62)
	at org.junit.jupiter.api.AssertEquals.assertEquals(AssertEquals.java:182)
	at org.junit.jupiter.api.Assertions.assertEquals(Assertions.java:1135)
	at openapi.OpenAPIMain_test.compareJson(OpenAPIMain_test.java:94)
	at openapi.OpenAPIMain_test.test(OpenAPIMain_test.java:80)
	at java.base/jdk.internal.reflect.NativeMethodAccessorImpl.invoke0(Native Method)
	at java.base/jdk.internal.reflect.NativeMethodAccessorImpl.invoke(NativeMethodAccessorImpl.java:62)
	at java.base/jdk.internal.reflect.DelegatingMethodAccessorImpl.invoke(DelegatingMethodAccessorImpl.java:43)
	at java.base/java.lang.reflect.Method.invoke(Method.java:566)
	at org.junit.platform.commons.util.ReflectionUtils.invokeMethod(ReflectionUtils.java:688)
	at org.junit.jupiter.engine.execution.MethodInvocation.proceed(MethodInvocation.java:60)
	at org.junit.jupiter.engine.execution.InvocationInterceptorChain$ValidatingInvocation.proceed(InvocationInterceptorChain.java:131)
	at org.junit.jupiter.engine.extension.TimeoutExtension.intercept(TimeoutExtension.java:149)
	at org.junit.jupiter.engine.extension.TimeoutExtension.interceptTestableMethod(TimeoutExtension.java:140)
	at org.junit.jupiter.engine.extension.TimeoutExtension.interceptTestMethod(TimeoutExtension.java:84)
	at org.junit.jupiter.engine.execution.ExecutableInvoker$ReflectiveInterceptorCall.lambda$ofVoidMethod$0(ExecutableInvoker.java:115)
	at org.junit.jupiter.engine.execution.ExecutableInvoker.lambda$invoke$0(ExecutableInvoker.java:105)
	at org.junit.jupiter.engine.execution.InvocationInterceptorChain$InterceptedInvocation.proceed(InvocationInterceptorChain.java:106)
	at org.junit.jupiter.engine.execution.InvocationInterceptorChain.proceed(InvocationInterceptorChain.java:64)
	at org.junit.jupiter.engine.execution.InvocationInterceptorChain.chainAndInvoke(InvocationInterceptorChain.java:45)
	at org.junit.jupiter.engine.execution.InvocationInterceptorChain.invoke(InvocationInterceptorChain.java:37)
	at org.junit.jupiter.engine.execution.ExecutableInvoker.invoke(ExecutableInvoker.java:104)
	at org.junit.jupiter.engine.execution.ExecutableInvoker.invoke(ExecutableInvoker.java:98)
	at org.junit.jupiter.engine.descriptor.TestMethodTestDescriptor.lambda$invokeTestMethod$6(TestMethodTestDescriptor.java:210)
	at org.junit.platform.engine.support.hierarchical.ThrowableCollector.execute(ThrowableCollector.java:73)
	at org.junit.jupiter.engine.descriptor.TestMethodTestDescriptor.invokeTestMethod(TestMethodTestDescriptor.java:206)
	at org.junit.jupiter.engine.descriptor.TestMethodTestDescriptor.execute(TestMethodTestDescriptor.java:131)
	at org.junit.jupiter.engine.descriptor.TestMethodTestDescriptor.execute(TestMethodTestDescriptor.java:65)
	at org.junit.platform.engine.support.hierarchical.NodeTestTask.lambda$executeRecursively$5(NodeTestTask.java:139)
	at org.junit.platform.engine.support.hierarchical.ThrowableCollector.execute(ThrowableCollector.java:73)
	at org.junit.platform.engine.support.hierarchical.NodeTestTask.lambda$executeRecursively$7(NodeTestTask.java:129)
	at org.junit.platform.engine.support.hierarchical.Node.around(Node.java:137)
	at org.junit.platform.engine.support.hierarchical.NodeTestTask.lambda$executeRecursively$8(NodeTestTask.java:127)
	at org.junit.platform.engine.support.hierarchical.ThrowableCollector.execute(ThrowableCollector.java:73)
	at org.junit.platform.engine.support.hierarchical.NodeTestTask.executeRecursively(NodeTestTask.java:126)
	at org.junit.platform.engine.support.hierarchical.NodeTestTask.execute(NodeTestTask.java:84)
	at java.base/java.util.ArrayList.forEach(ArrayList.java:1541)
	at org.junit.platform.engine.support.hierarchical.SameThreadHierarchicalTestExecutorService.invokeAll(SameThreadHierarchicalTestExecutorService.java:38)
	at org.junit.platform.engine.support.hierarchical.NodeTestTask.lambda$executeRecursively$5(NodeTestTask.java:143)
	at org.junit.platform.engine.support.hierarchical.ThrowableCollector.execute(ThrowableCollector.java:73)
	at org.junit.platform.engine.support.hierarchical.NodeTestTask.lambda$executeRecursively$7(NodeTestTask.java:129)
	at org.junit.platform.engine.support.hierarchical.Node.around(Node.java:137)
	at org.junit.platform.engine.support.hierarchical.NodeTestTask.lambda$executeRecursively$8(NodeTestTask.java:127)
	at org.junit.platform.engine.support.hierarchical.ThrowableCollector.execute(ThrowableCollector.java:73)
	at org.junit.platform.engine.support.hierarchical.NodeTestTask.executeRecursively(NodeTestTask.java:126)
	at org.junit.platform.engine.support.hierarchical.NodeTestTask.execute(NodeTestTask.java:84)
	at java.base/java.util.ArrayList.forEach(ArrayList.java:1541)
	at org.junit.platform.engine.support.hierarchical.SameThreadHierarchicalTestExecutorService.invokeAll(SameThreadHierarchicalTestExecutorService.java:38)
	at org.junit.platform.engine.support.hierarchical.NodeTestTask.lambda$executeRecursively$5(NodeTestTask.java:143)
	at org.junit.platform.engine.support.hierarchical.ThrowableCollector.execute(ThrowableCollector.java:73)
	at org.junit.platform.engine.support.hierarchical.NodeTestTask.lambda$executeRecursively$7(NodeTestTask.java:129)
	at org.junit.platform.engine.support.hierarchical.Node.around(Node.java:137)
	at org.junit.platform.engine.support.hierarchical.NodeTestTask.lambda$executeRecursively$8(NodeTestTask.java:127)
	at org.junit.platform.engine.support.hierarchical.ThrowableCollector.execute(ThrowableCollector.java:73)
	at org.junit.platform.engine.support.hierarchical.NodeTestTask.executeRecursively(NodeTestTask.java:126)
	at org.junit.platform.engine.support.hierarchical.NodeTestTask.execute(NodeTestTask.java:84)
	at org.junit.platform.engine.support.hierarchical.SameThreadHierarchicalTestExecutorService.submit(SameThreadHierarchicalTestExecutorService.java:32)
	at org.junit.platform.engine.support.hierarchical.HierarchicalTestExecutor.execute(HierarchicalTestExecutor.java:57)
	at org.junit.platform.engine.support.hierarchical.HierarchicalTestEngine.execute(HierarchicalTestEngine.java:51)
	at org.junit.platform.launcher.core.EngineExecutionOrchestrator.execute(EngineExecutionOrchestrator.java:108)
	at org.junit.platform.launcher.core.EngineExecutionOrchestrator.execute(EngineExecutionOrchestrator.java:88)
	at org.junit.platform.launcher.core.EngineExecutionOrchestrator.lambda$execute$0(EngineExecutionOrchestrator.java:54)
	at org.junit.platform.launcher.core.EngineExecutionOrchestrator.withInterceptedStreams(EngineExecutionOrchestrator.java:67)
	at org.junit.platform.launcher.core.EngineExecutionOrchestrator.execute(EngineExecutionOrchestrator.java:52)
	at org.junit.platform.launcher.core.DefaultLauncher.execute(DefaultLauncher.java:96)
	at org.junit.platform.launcher.core.DefaultLauncher.execute(DefaultLauncher.java:75)
	at org.gradle.api.internal.tasks.testing.junitplatform.JUnitPlatformTestClassProcessor$CollectAllTestClassesExecutor.processAllTestClasses(JUnitPlatformTestClassProcessor.java:99)
	at org.gradle.api.internal.tasks.testing.junitplatform.JUnitPlatformTestClassProcessor$CollectAllTestClassesExecutor.access$000(JUnitPlatformTestClassProcessor.java:79)
	at org.gradle.api.internal.tasks.testing.junitplatform.JUnitPlatformTestClassProcessor.stop(JUnitPlatformTestClassProcessor.java:75)
	at org.gradle.api.internal.tasks.testing.SuiteTestClassProcessor.stop(SuiteTestClassProcessor.java:61)
	at java.base/jdk.internal.reflect.NativeMethodAccessorImpl.invoke0(Native Method)
	at java.base/jdk.internal.reflect.NativeMethodAccessorImpl.invoke(NativeMethodAccessorImpl.java:62)
	at java.base/jdk.internal.reflect.DelegatingMethodAccessorImpl.invoke(DelegatingMethodAccessorImpl.java:43)
	at java.base/java.lang.reflect.Method.invoke(Method.java:566)
	at org.gradle.internal.dispatch.ReflectionDispatch.dispatch(ReflectionDispatch.java:36)
	at org.gradle.internal.dispatch.ReflectionDispatch.dispatch(ReflectionDispatch.java:24)
	at org.gradle.internal.dispatch.ContextClassLoaderDispatch.dispatch(ContextClassLoaderDispatch.java:33)
	at org.gradle.internal.dispatch.ProxyDispatchAdapter$DispatchingInvocationHandler.invoke(ProxyDispatchAdapter.java:94)
	at com.sun.proxy.$Proxy2.stop(Unknown Source)
	at org.gradle.api.internal.tasks.testing.worker.TestWorker.stop(TestWorker.java:133)
	at java.base/jdk.internal.reflect.NativeMethodAccessorImpl.invoke0(Native Method)
	at java.base/jdk.internal.reflect.NativeMethodAccessorImpl.invoke(NativeMethodAccessorImpl.java:62)
	at java.base/jdk.internal.reflect.DelegatingMethodAccessorImpl.invoke(DelegatingMethodAccessorImpl.java:43)
	at java.base/java.lang.reflect.Method.invoke(Method.java:566)
	at org.gradle.internal.dispatch.ReflectionDispatch.dispatch(ReflectionDispatch.java:36)
	at org.gradle.internal.dispatch.ReflectionDispatch.dispatch(ReflectionDispatch.java:24)
	at org.gradle.internal.remote.internal.hub.MessageHubBackedObjectConnection$DispatchWrapper.dispatch(MessageHubBackedObjectConnection.java:182)
	at org.gradle.internal.remote.internal.hub.MessageHubBackedObjectConnection$DispatchWrapper.dispatch(MessageHubBackedObjectConnection.java:164)
	at org.gradle.internal.remote.internal.hub.MessageHub$Handler.run(MessageHub.java:414)
	at org.gradle.internal.concurrent.ExecutorPolicy$CatchAndRecordFailures.onExecute(ExecutorPolicy.java:64)
	at org.gradle.internal.concurrent.ManagedExecutorImpl$1.run(ManagedExecutorImpl.java:48)
	at java.base/java.util.concurrent.ThreadPoolExecutor.runWorker(ThreadPoolExecutor.java:1128)
	at java.base/java.util.concurrent.ThreadPoolExecutor$Worker.run(ThreadPoolExecutor.java:628)
	at org.gradle.internal.concurrent.ThreadFactoryImpl$ManagedThreadRunnable.run(ThreadFactoryImpl.java:56)
	at java.base/java.lang.Thread.run(Thread.java:829)
</failure>
  </testcase>
  <system-out><![CDATA[11
Loading expression DSL file '1password.com.yaml'.
true
true
Loading expression DSL file '1password.local.yaml'.
true
true
Loading expression DSL file '6-dot-authentiqio.appspot.com.yaml'.
true
true
Loading expression DSL file 'ably.io.yaml'.
true
false
]]></system-out>
  <system-err><![CDATA[]]></system-err>
</testsuite>
